#
# There is insufficient memory for the Java Runtime Environment to continue.
# Native memory allocation (malloc) failed to allocate 32744 bytes for ChunkPool::allocate
# Possible reasons:
#   The system is out of physical RAM or swap space
#   In 32 bit mode, the process size limit was hit
# Possible solutions:
#   Reduce memory load on the system
#   Increase physical memory or swap space
#   Check if swap backing store is full
#   Use 64 bit Java on a 64 bit OS
#   Decrease Java heap size (-Xmx/-Xms)
#   Decrease number of Java threads
#   Decrease Java thread stack sizes (-Xss)
#   Set larger code cache with -XX:ReservedCodeCacheSize=
# This output file may be truncated or incomplete.
#
#  Out of Memory Error (allocation.cpp:273), pid=4884, tid=9812
#
# JRE version: Java(TM) SE Runtime Environment (8.0_25-b18) (build 1.8.0_25-b18)
# Java VM: Java HotSpot(TM) 64-Bit Server VM (25.25-b02 mixed mode windows-amd64 compressed oops)
# Failed to write core dump. Minidumps are not enabled by default on client versions of Windows
#

---------------  T H R E A D  ---------------

Current thread (0x0000000015d94800):  JavaThread "C1 CompilerThread2" daemon [_thread_in_native, id=9812, stack(0x0000000016340000,0x0000000016440000)]

Stack: [0x0000000016340000,0x0000000016440000]
Native frames: (J=compiled Java code, j=interpreted, Vv=VM code, C=native code)
V  [jvm.dll+0x31667a]
V  [jvm.dll+0x267073]
V  [jvm.dll+0x267cb3]
V  [jvm.dll+0x25f5b5]
V  [jvm.dll+0xbeec1]
V  [jvm.dll+0xbf60c]
V  [jvm.dll+0x86ca0]
V  [jvm.dll+0x3ec628]
V  [jvm.dll+0x3ed742]
V  [jvm.dll+0x3ed98e]
V  [jvm.dll+0x3edb8f]
V  [jvm.dll+0x98a02]
V  [jvm.dll+0x991f3]
V  [jvm.dll+0x22bde4]
V  [jvm.dll+0x2852fa]
C  [msvcr100.dll+0x21d9f]
C  [msvcr100.dll+0x21e3b]
C  [KERNEL32.DLL+0x13d2]
C  [ntdll.dll+0x154e4]


Current CompileTask:
C1:  16174 1305       3       com.android.dx.cf.code.OneLocalsArray::getMaxLocals (6 bytes)


---------------  P R O C E S S  ---------------

Java Threads: ( => current thread )
  0x0000000015fce800 JavaThread "pool-2-thread-4" [_thread_blocked, id=8024, stack(0x0000000017240000,0x0000000017340000)]
  0x0000000015fcd800 JavaThread "pool-2-thread-3" [_thread_blocked, id=4484, stack(0x0000000017140000,0x0000000017240000)]
  0x000000001600c800 JavaThread "pool-2-thread-2" [_thread_blocked, id=12404, stack(0x0000000017040000,0x0000000017140000)]
  0x000000001600b000 JavaThread "pool-3-thread-1" [_thread_blocked, id=3736, stack(0x0000000016f40000,0x0000000017040000)]
  0x000000001606d000 JavaThread "pool-2-thread-1" [_thread_blocked, id=8528, stack(0x0000000016e40000,0x0000000016f40000)]
  0x0000000015db5800 JavaThread "Service Thread" daemon [_thread_blocked, id=9320, stack(0x0000000016440000,0x0000000016540000)]
=>0x0000000015d94800 JavaThread "C1 CompilerThread2" daemon [_thread_in_native, id=9812, stack(0x0000000016340000,0x0000000016440000)]
  0x0000000015d8c000 JavaThread "C2 CompilerThread1" daemon [_thread_in_native, id=10824, stack(0x0000000016240000,0x0000000016340000)]
  0x000000001484d000 JavaThread "C2 CompilerThread0" daemon [_thread_in_native, id=8012, stack(0x0000000016140000,0x0000000016240000)]
  0x0000000014801000 JavaThread "Attach Listener" daemon [_thread_blocked, id=2188, stack(0x0000000015c40000,0x0000000015d40000)]
  0x0000000014800000 JavaThread "Signal Dispatcher" daemon [_thread_blocked, id=9860, stack(0x0000000015b40000,0x0000000015c40000)]
  0x0000000002118000 JavaThread "Finalizer" daemon [_thread_blocked, id=10616, stack(0x0000000015a40000,0x0000000015b40000)]
  0x00000000147b8000 JavaThread "Reference Handler" daemon [_thread_blocked, id=12256, stack(0x0000000015940000,0x0000000015a40000)]
  0x0000000001bae800 JavaThread "main" [_thread_in_vm, id=10292, stack(0x0000000001f20000,0x0000000002020000)]

Other Threads:
  0x00000000147b6000 VMThread [stack: 0x0000000015840000,0x0000000015940000] [id=11628]
  0x0000000015db7800 WatcherThread [stack: 0x0000000016540000,0x0000000016640000] [id=11268]

VM state:synchronizing (normal execution)

VM Mutex/Monitor currently owned by a thread:  ([mutex/lock_event])
[0x0000000001bacda0] Threads_lock - owner thread: 0x00000000147b6000
[0x00000000020200d0] MethodData_lock - owner thread: 0x0000000001bae800

Heap:
 PSYoungGen      total 35328K, used 13563K [0x00000000eab00000, 0x00000000ed000000, 0x0000000100000000)
  eden space 32768K, 33% used [0x00000000eab00000,0x00000000eb5c0e18,0x00000000ecb00000)
  from space 2560K, 99% used [0x00000000ecd80000,0x00000000ecffe058,0x00000000ed000000)
  to   space 2560K, 0% used [0x00000000ecb00000,0x00000000ecb00000,0x00000000ecd80000)
 ParOldGen       total 44032K, used 2811K [0x00000000c0000000, 0x00000000c2b00000, 0x00000000eab00000)
  object space 44032K, 6% used [0x00000000c0000000,0x00000000c02bed28,0x00000000c2b00000)
 Metaspace       used 6047K, capacity 6896K, committed 7040K, reserved 1056768K
  class space    used 593K, capacity 616K, committed 640K, reserved 1048576K

Card table byte_map: [0x00000000114e0000,0x00000000116f0000] byte_map_base: 0x0000000010ee0000

Marking Bits: (ParMarkBitMap*) 0x000000006f55d490
 Begin Bits: [0x0000000011c50000, 0x0000000012c50000)
 End Bits:   [0x0000000012c50000, 0x0000000013c50000)

Polling page: 0x0000000001b00000

CodeCache: size=245760Kb used=4919Kb max_used=4919Kb free=240840Kb
 bounds [0x0000000002120000, 0x0000000002600000, 0x0000000011120000]
 total_blobs=1554 nmethods=1288 adapters=180
 compilation: enabled

Compilation events (10 events):
Event: 5.213 Thread 0x0000000015d94800 nmethod 1304 0x00000000025f0410 code [0x00000000025f0640, 0x00000000025f11d8]
Event: 5.214 Thread 0x0000000015d94800 1296       3       com.android.dx.ssa.DeadCodeRemover::process (14 bytes)
Event: 5.214 Thread 0x0000000015d94800 nmethod 1296 0x00000000025ed090 code [0x00000000025ed200, 0x00000000025ed3f8]
Event: 5.214 Thread 0x0000000015d94800 1297       3       com.android.dx.ssa.DeadCodeRemover$NoSideEffectVisitor::<init> (10 bytes)
Event: 5.214 Thread 0x0000000015d94800 nmethod 1297 0x00000000025eccd0 code [0x00000000025ece20, 0x00000000025ecff0]
Event: 5.214 Thread 0x0000000015d94800 1298       3       com.android.dx.ssa.DeadCodeRemover::<init> (44 bytes)
Event: 5.214 Thread 0x0000000015d94800 nmethod 1298 0x00000000025eea10 code [0x00000000025eeba0, 0x00000000025eef98]
Event: 5.214 Thread 0x0000000015d94800 1291       1       com.android.dx.cf.attrib.InnerClassList$Item::getOuterClass (5 bytes)
Event: 5.214 Thread 0x0000000015d94800 nmethod 1291 0x00000000025ee750 code [0x00000000025ee8a0, 0x00000000025ee9b0]
Event: 5.258 Thread 0x0000000015d94800 1305       3       com.android.dx.cf.code.OneLocalsArray::getMaxLocals (6 bytes)

GC Heap History (4 events):
Event: 3.976 GC heap before
{Heap before GC invocations=1 (full 0):
 PSYoungGen      total 18944K, used 16384K [0x00000000eab00000, 0x00000000ec000000, 0x0000000100000000)
  eden space 16384K, 100% used [0x00000000eab00000,0x00000000ebb00000,0x00000000ebb00000)
  from space 2560K, 0% used [0x00000000ebd80000,0x00000000ebd80000,0x00000000ec000000)
  to   space 2560K, 0% used [0x00000000ebb00000,0x00000000ebb00000,0x00000000ebd80000)
 ParOldGen       total 44032K, used 0K [0x00000000c0000000, 0x00000000c2b00000, 0x00000000eab00000)
  object space 44032K, 0% used [0x00000000c0000000,0x00000000c0000000,0x00000000c2b00000)
 Metaspace       used 5433K, capacity 6384K, committed 6528K, reserved 1056768K
  class space    used 584K, capacity 616K, committed 640K, reserved 1048576K
Event: 4.089 GC heap after
Heap after GC invocations=1 (full 0):
 PSYoungGen      total 18944K, used 2543K [0x00000000eab00000, 0x00000000ed000000, 0x0000000100000000)
  eden space 16384K, 0% used [0x00000000eab00000,0x00000000eab00000,0x00000000ebb00000)
  from space 2560K, 99% used [0x00000000ebb00000,0x00000000ebd7bf30,0x00000000ebd80000)
  to   space 2560K, 0% used [0x00000000ecd80000,0x00000000ecd80000,0x00000000ed000000)
 ParOldGen       total 44032K, used 891K [0x00000000c0000000, 0x00000000c2b00000, 0x00000000eab00000)
  object space 44032K, 2% used [0x00000000c0000000,0x00000000c00decb8,0x00000000c2b00000)
 Metaspace       used 5433K, capacity 6384K, committed 6528K, reserved 1056768K
  class space    used 584K, capacity 616K, committed 640K, reserved 1048576K
}
Event: 5.088 GC heap before
{Heap before GC invocations=2 (full 0):
 PSYoungGen      total 18944K, used 18927K [0x00000000eab00000, 0x00000000ed000000, 0x0000000100000000)
  eden space 16384K, 100% used [0x00000000eab00000,0x00000000ebb00000,0x00000000ebb00000)
  from space 2560K, 99% used [0x00000000ebb00000,0x00000000ebd7bf30,0x00000000ebd80000)
  to   space 2560K, 0% used [0x00000000ecd80000,0x00000000ecd80000,0x00000000ed000000)
 ParOldGen       total 44032K, used 891K [0x00000000c0000000, 0x00000000c2b00000, 0x00000000eab00000)
  object space 44032K, 2% used [0x00000000c0000000,0x00000000c00decb8,0x00000000c2b00000)
 Metaspace       used 5986K, capacity 6896K, committed 7040K, reserved 1056768K
  class space    used 593K, capacity 616K, committed 640K, reserved 1048576K
Event: 5.148 GC heap after
Heap after GC invocations=2 (full 0):
 PSYoungGen      total 35328K, used 2552K [0x00000000eab00000, 0x00000000ed000000, 0x0000000100000000)
  eden space 32768K, 0% used [0x00000000eab00000,0x00000000eab00000,0x00000000ecb00000)
  from space 2560K, 99% used [0x00000000ecd80000,0x00000000ecffe058,0x00000000ed000000)
  to   space 2560K, 0% used [0x00000000ecb00000,0x00000000ecb00000,0x00000000ecd80000)
 ParOldGen       total 44032K, used 2811K [0x00000000c0000000, 0x00000000c2b00000, 0x00000000eab00000)
  object space 44032K, 6% used [0x00000000c0000000,0x00000000c02bed28,0x00000000c2b00000)
 Metaspace       used 5986K, capacity 6896K, committed 7040K, reserved 1056768K
  class space    used 593K, capacity 616K, committed 640K, reserved 1048576K
}

Deoptimization events (1 events):
Event: 4.681 Thread 0x000000001600c800 Uncommon trap: reason=unreached action=reinterpret pc=0x00000000023e881c method=com.android.dx.rop.cst.Constant.compareTo(Lcom/android/dx/rop/cst/Constant;)I @ 12

Internal exceptions (10 events):
Event: 4.098 Thread 0x0000000015fce800 Exception <a 'java/security/PrivilegedActionException'> (0x00000000eabd2d68) thrown at [D:\re\workspace\8-2-build-windows-amd64-cygwin\jdk8u25\1677\hotspot\src\share\vm\prims\jvm.cpp, line 1312]
Event: 4.196 Thread 0x0000000001bae800 Exception <a 'java/security/PrivilegedActionException'> (0x00000000eae3eeb0) thrown at [D:\re\workspace\8-2-build-windows-amd64-cygwin\jdk8u25\1677\hotspot\src\share\vm\prims\jvm.cpp, line 1312]
Event: 4.200 Thread 0x0000000001bae800 Exception <a 'java/security/PrivilegedActionException'> (0x00000000eae52040) thrown at [D:\re\workspace\8-2-build-windows-amd64-cygwin\jdk8u25\1677\hotspot\src\share\vm\prims\jvm.cpp, line 1312]
Event: 4.232 Thread 0x000000001606d000 Exception <a 'java/security/PrivilegedActionException'> (0x00000000eaf0fc68) thrown at [D:\re\workspace\8-2-build-windows-amd64-cygwin\jdk8u25\1677\hotspot\src\share\vm\prims\jvm.cpp, line 1312]
Event: 4.423 Thread 0x0000000001bae800 Exception <a 'java/security/PrivilegedActionException'> (0x00000000eb0cc270) thrown at [D:\re\workspace\8-2-build-windows-amd64-cygwin\jdk8u25\1677\hotspot\src\share\vm\prims\jvm.cpp, line 1312]
Event: 4.428 Thread 0x0000000001bae800 Exception <a 'java/security/PrivilegedActionException'> (0x00000000eb0d6510) thrown at [D:\re\workspace\8-2-build-windows-amd64-cygwin\jdk8u25\1677\hotspot\src\share\vm\prims\jvm.cpp, line 1312]
Event: 4.429 Thread 0x0000000001bae800 Exception <a 'java/security/PrivilegedActionException'> (0x00000000eb0d8c68) thrown at [D:\re\workspace\8-2-build-windows-amd64-cygwin\jdk8u25\1677\hotspot\src\share\vm\prims\jvm.cpp, line 1312]
Event: 4.661 Thread 0x000000001600c800 Exception <a 'java/security/PrivilegedActionException'> (0x00000000eb2382c0) thrown at [D:\re\workspace\8-2-build-windows-amd64-cygwin\jdk8u25\1677\hotspot\src\share\vm\prims\jvm.cpp, line 1312]
Event: 4.662 Thread 0x000000001600c800 Exception <a 'java/security/PrivilegedActionException'> (0x00000000eb23da70) thrown at [D:\re\workspace\8-2-build-windows-amd64-cygwin\jdk8u25\1677\hotspot\src\share\vm\prims\jvm.cpp, line 1312]
Event: 4.663 Thread 0x000000001600c800 Exception <a 'java/security/PrivilegedActionException'> (0x00000000eb2434b0) thrown at [D:\re\workspace\8-2-build-windows-amd64-cygwin\jdk8u25\1677\hotspot\src\share\vm\prims\jvm.cpp, line 1312]

Events (10 events):
Event: 4.681 Thread 0x000000001600c800 DEOPT PACKING pc=0x00000000023e881c sp=0x000000001713e8a0
Event: 4.681 Thread 0x000000001600c800 DEOPT UNPACKING pc=0x000000000216556a sp=0x000000001713e840 mode 2
Event: 4.937 loading class java/util/TreeMap$EntrySet
Event: 4.937 loading class java/util/TreeMap$EntrySet done
Event: 4.937 loading class java/util/TreeMap$EntryIterator
Event: 4.937 loading class java/util/TreeMap$EntryIterator done
Event: 4.937 Executing VM operation: Deoptimize
Event: 5.045 Executing VM operation: Deoptimize done
Event: 5.088 Executing VM operation: ParallelGCFailedAllocation
Event: 5.149 Executing VM operation: ParallelGCFailedAllocation done


Dynamic libraries:
0x00007ff72c570000 - 0x00007ff72c5a4000 	C:\Program Files\Java\jdk1.8.0_25\bin\java.exe
0x00007ffe6fd60000 - 0x00007ffe6ff0d000 	C:\windows\SYSTEM32\ntdll.dll
0x00007ffe6e030000 - 0x00007ffe6e16e000 	C:\windows\system32\KERNEL32.DLL
0x00007ffe6d270000 - 0x00007ffe6d385000 	C:\windows\system32\KERNELBASE.dll
0x00007ffe6ba50000 - 0x00007ffe6bade000 	C:\windows\system32\apphelp.dll
0x00007ffe3bbf0000 - 0x00007ffe3bc43000 	C:\windows\AppPatch\AppPatch64\AcGenral.DLL
0x00007ffe6fcb0000 - 0x00007ffe6fd5a000 	C:\windows\system32\msvcrt.dll
0x00007ffe6d060000 - 0x00007ffe6d08e000 	C:\windows\system32\SspiCli.dll
0x00007ffe6d700000 - 0x00007ffe6d754000 	C:\windows\system32\SHLWAPI.dll
0x00007ffe6db10000 - 0x00007ffe6dc87000 	C:\windows\system32\USER32.dll
0x00007ffe6e3f0000 - 0x00007ffe6e584000 	C:\windows\system32\ole32.dll
0x00007ffe6e770000 - 0x00007ffe6fc98000 	C:\windows\system32\SHELL32.dll
0x00007ffe6c450000 - 0x00007ffe6c471000 	C:\windows\SYSTEM32\USERENV.dll
0x00007ffe6dca0000 - 0x00007ffe6dd4a000 	C:\windows\system32\ADVAPI32.dll
0x00007ffe614a0000 - 0x00007ffe614be000 	C:\windows\SYSTEM32\MPR.dll
0x00007ffe6def0000 - 0x00007ffe6e030000 	C:\windows\system32\RPCRT4.dll
0x00007ffe6d9e0000 - 0x00007ffe6da39000 	C:\windows\SYSTEM32\sechost.dll
0x00007ffe6e170000 - 0x00007ffe6e381000 	C:\windows\SYSTEM32\combase.dll
0x00007ffe6d7c0000 - 0x00007ffe6d90f000 	C:\windows\system32\GDI32.dll
0x00007ffe6ce80000 - 0x00007ffe6ce95000 	C:\windows\SYSTEM32\profapi.dll
0x00007ffe6b6e0000 - 0x00007ffe6b792000 	C:\windows\SYSTEM32\SHCORE.dll
0x00007ffe6d760000 - 0x00007ffe6d796000 	C:\windows\system32\IMM32.DLL
0x00007ffe6d3e0000 - 0x00007ffe6d532000 	C:\windows\system32\MSCTF.dll
0x00007ffe6afa0000 - 0x00007ffe6b21b000 	C:\windows\WinSxS\amd64_microsoft.windows.common-controls_6595b64144ccf1df_6.0.9600.18006_none_623f33d3ecbe86e8\COMCTL32.dll
0x000000006e820000 - 0x000000006e8f2000 	C:\Program Files\Java\jdk1.8.0_25\jre\bin\msvcr100.dll
0x000000006ed80000 - 0x000000006f5da000 	C:\Program Files\Java\jdk1.8.0_25\jre\bin\server\jvm.dll
0x00007ffe643b0000 - 0x00007ffe643b9000 	C:\windows\SYSTEM32\WSOCK32.dll
0x00007ffe68850000 - 0x00007ffe68872000 	C:\windows\SYSTEM32\WINMM.dll
0x00007ffe6fca0000 - 0x00007ffe6fca7000 	C:\windows\system32\PSAPI.DLL
0x00007ffe6ddc0000 - 0x00007ffe6de1a000 	C:\windows\system32\WS2_32.dll
0x00007ffe683e0000 - 0x00007ffe6840a000 	C:\windows\SYSTEM32\WINMMBASE.dll
0x00007ffe6dee0000 - 0x00007ffe6dee9000 	C:\windows\system32\NSI.dll
0x00007ffe6d390000 - 0x00007ffe6d3df000 	C:\windows\SYSTEM32\cfgmgr32.dll
0x00007ffe6bcd0000 - 0x00007ffe6bcf8000 	C:\windows\SYSTEM32\DEVOBJ.dll
0x000000006f7c0000 - 0x000000006f7cf000 	C:\Program Files\Java\jdk1.8.0_25\jre\bin\verify.dll
0x000000006ed50000 - 0x000000006ed78000 	C:\Program Files\Java\jdk1.8.0_25\jre\bin\java.dll
0x000000006ed30000 - 0x000000006ed46000 	C:\Program Files\Java\jdk1.8.0_25\jre\bin\zip.dll
0x00007ffe67370000 - 0x00007ffe674f9000 	C:\windows\SYSTEM32\dbghelp.dll

VM Arguments:
jvm_args: -Djava.awt.headless=true -Xmx1024M -Dfile.encoding=GBK -Duser.country=CN -Duser.language=zh -Duser.variant 
java_command: com.android.dx.command.Main --dex --force-jumbo --num-threads=4 --multi-dex --output D:\code\Android\coolWeather\app\build\intermediates\transforms\dex\debug\folders\1000\10\internal_impl-24.1.0_8ab9f3d6d36886b97228d303ed4212c015b939fd D:\code\Android\coolWeather\app\build\intermediates\exploded-aar\com.android.support\support-v4\24.1.0\jars\libs\internal_impl-24.1.0.jar
java_class_path (initial): D:\AndroidSDK\build-tools\24.0.1\lib\dx.jar
Launcher Type: SUN_STANDARD

Environment Variables:
JAVA_HOME=C:\Program Files\Java\jdk1.8.0_25
CLASSPATH=.;C:\Program Files\Java\jdk1.8.0_25\lib\tools.jar; C:\Program Files\Java\jdk1.8.0_25\lib\dt.jar;C:\Program Files\Java\jdk1.8.0_25\bin;D:\Applications\apache-jmeter-2.12\lib\ext\ApacheJMeter_core.jar;D:\Applications\apache-jmeter-2.12\lib\jorphan.jar;D:\Applications\apache-jmeter-2.12\lib\logkit-2.0.jar
PATH=D:\¹¤¾ß\apache-ant-1.8.2\bin;C:\ProgramData\Oracle\Java\javapath;C:\Program Files (x86)\Lenovo\FusionEngine;C:\Program Files (x86)\Intel\iCLS Client\;C:\Program Files\Intel\iCLS Client\;C:\windows\system32;C:\windows;C:\windows\System32\Wbem;C:\windows\System32\WindowsPowerShell\v1.0\;C:\Program Files\Intel\Intel(R) Management Engine Components\DAL;C:\Program Files\Intel\Intel(R) Management Engine Components\IPT;C:\Program Files (x86)\Intel\Intel(R) Management Engine Components\DAL;C:\Program Files (x86)\Intel\Intel(R) Management Engine Components\IPT;C:\Program Files (x86)\ATI Technologies\ATI.ACE\Core-Static;C:\Program Files\Lenovo\Bluetooth Software\;C:\Program Files\Lenovo\Bluetooth Software\syswow64;C:\Program Files (x86)\Common Files\lenovo\easyplussdk\bin;C:\Program Files (x86)\Lenovo\Lenovo Home\;C:\Program Files\Java\jdk1.8.0_25\bin;C:\Program Files (x86)\Windows Kits\8.1\Windows Performance Toolkit\;C:\Program Files\Microsoft SQL Server\110\Tools\Binn\;C:\Program Files\Microsoft SQL Server\110\DTS\Binn\;C:\Program Files (x86)\Microsoft SQL Server\110\Tools\Binn\;C:\Program Files (x86)\Microsoft SQL Server\110\Tools\Binn\ManagementStudio\;C:\Program Files (x86)\Microsoft Visual Studio 10.0\Common7\IDE\PrivateAssemblies\;C:\Program Files (x86)\Microsoft SQL Server\110\DTS\Binn\;C:\Program Files (x86)\Skype\Phone\;C:\Program Files (x86)\MySQL\MySQL Utilities 1.3.6\
USERNAME=hui
OS=Windows_NT
PROCESSOR_IDENTIFIER=Intel64 Family 6 Model 60 Stepping 3, GenuineIntel



---------------  S Y S T E M  ---------------

OS: Windows 8.1 , 64 bit Build 9600 

CPU:total 4 (2 cores per cpu, 2 threads per core) family 6 model 60 stepping 3, cmov, cx8, fxsr, mmx, sse, sse2, sse3, ssse3, sse4.1, sse4.2, popcnt, avx, avx2, clmul, erms, lzcnt, ht, tsc, tscinvbit, bmi1, bmi2

Memory: 4k page, physical 4104472k(486960k free), swap 8298776k(11256k free)

vm_info: Java HotSpot(TM) 64-Bit Server VM (25.25-b02) for windows-amd64 JRE (1.8.0_25-b18), built on Oct  7 2014 14:25:37 by "java_re" with MS VC++ 10.0 (VS2010)

time: Sun Oct 23 17:57:54 2016
elapsed time: 16 seconds (0d 0h 0m 16s)

