#
# There is insufficient memory for the Java Runtime Environment to continue.
# Native memory allocation (malloc) failed to allocate 176576 bytes for Chunk::new
# Possible reasons:
#   The system is out of physical RAM or swap space
#   In 32 bit mode, the process size limit was hit
# Possible solutions:
#   Reduce memory load on the system
#   Increase physical memory or swap space
#   Check if swap backing store is full
#   Use 64 bit Java on a 64 bit OS
#   Decrease Java heap size (-Xmx/-Xms)
#   Decrease number of Java threads
#   Decrease Java thread stack sizes (-Xss)
#   Set larger code cache with -XX:ReservedCodeCacheSize=
# This output file may be truncated or incomplete.
#
#  Out of Memory Error (allocation.cpp:390), pid=12276, tid=8664
#
# JRE version: Java(TM) SE Runtime Environment (8.0_25-b18) (build 1.8.0_25-b18)
# Java VM: Java HotSpot(TM) 64-Bit Server VM (25.25-b02 mixed mode windows-amd64 compressed oops)
# Failed to write core dump. Minidumps are not enabled by default on client versions of Windows
#

---------------  T H R E A D  ---------------

Current thread (0x0000000014fb1000):  JavaThread "C2 CompilerThread1" daemon [_thread_in_native, id=8664, stack(0x00000000169e0000,0x0000000016ae0000)]

Stack: [0x00000000169e0000,0x0000000016ae0000]
Native frames: (J=compiled Java code, j=interpreted, Vv=VM code, C=native code)
V  [jvm.dll+0x31667a]
V  [jvm.dll+0x267073]
V  [jvm.dll+0x267cb3]
V  [jvm.dll+0x25f5b5]
V  [jvm.dll+0xbf165]
V  [jvm.dll+0xbf60c]
V  [jvm.dll+0x45d672]
V  [jvm.dll+0x49e8ef]
V  [jvm.dll+0x452275]
V  [jvm.dll+0x453864]
V  [jvm.dll+0x437372]
V  [jvm.dll+0x98a02]
V  [jvm.dll+0x991f3]
V  [jvm.dll+0x22bde4]
V  [jvm.dll+0x2852fa]
C  [msvcr100.dll+0x21d9f]
C  [msvcr100.dll+0x21e3b]
C  [KERNEL32.DLL+0x13d2]
C  [ntdll.dll+0x154e4]


Current CompileTask:
C2:  27551 2169       4       com.android.dx.ssa.back.FirstFitLocalCombiningAllocator::handleLocalAssociatedParams (132 bytes)


---------------  P R O C E S S  ---------------

Java Threads: ( => current thread )
  0x0000000014fec800 JavaThread "Service Thread" daemon [_thread_blocked, id=4452, stack(0x0000000016be0000,0x0000000016ce0000)]
  0x0000000014fb2800 JavaThread "C1 CompilerThread2" daemon [_thread_blocked, id=9160, stack(0x0000000016ae0000,0x0000000016be0000)]
=>0x0000000014fb1000 JavaThread "C2 CompilerThread1" daemon [_thread_in_native, id=8664, stack(0x00000000169e0000,0x0000000016ae0000)]
  0x0000000014faa000 JavaThread "C2 CompilerThread0" daemon [_thread_in_native, id=12808, stack(0x00000000168e0000,0x00000000169e0000)]
  0x0000000014fa0800 JavaThread "Attach Listener" daemon [_thread_blocked, id=9340, stack(0x00000000167e0000,0x00000000168e0000)]
  0x0000000014f88000 JavaThread "Signal Dispatcher" daemon [_thread_blocked, id=9256, stack(0x00000000166e0000,0x00000000167e0000)]
  0x0000000002816800 JavaThread "Finalizer" daemon [_thread_blocked, id=1288, stack(0x00000000161e0000,0x00000000162e0000)]
  0x000000000280e800 JavaThread "Reference Handler" daemon [_thread_blocked, id=11812, stack(0x00000000160e0000,0x00000000161e0000)]
  0x00000000028be800 JavaThread "main" [_thread_blocked, id=11540, stack(0x0000000000bc0000,0x0000000000cc0000)]

Other Threads:
  0x0000000014f56800 VMThread [stack: 0x0000000015fe0000,0x00000000160e0000] [id=12868]
  0x000000001636c000 WatcherThread [stack: 0x0000000016ce0000,0x0000000016de0000] [id=12876]

VM state:not at safepoint (normal execution)

VM Mutex/Monitor currently owned by a thread: None

Heap:
 PSYoungGen      total 145408K, used 19833K [0x00000000eab00000, 0x00000000f4a00000, 0x0000000100000000)
  eden space 129536K, 3% used [0x00000000eab00000,0x00000000eaedf708,0x00000000f2980000)
  from space 15872K, 99% used [0x00000000f2980000,0x00000000f38ff058,0x00000000f3900000)
  to   space 14336K, 0% used [0x00000000f3900000,0x00000000f3900000,0x00000000f4700000)
 ParOldGen       total 44032K, used 26676K [0x00000000c0000000, 0x00000000c2b00000, 0x00000000eab00000)
  object space 44032K, 60% used [0x00000000c0000000,0x00000000c1a0d100,0x00000000c2b00000)
 Metaspace       used 7228K, capacity 7704K, committed 7936K, reserved 1058816K
  class space    used 674K, capacity 720K, committed 768K, reserved 1048576K

Card table byte_map: [0x0000000011c80000,0x0000000011e90000] byte_map_base: 0x0000000011680000

Marking Bits: (ParMarkBitMap*) 0x000000006f55d490
 Begin Bits: [0x00000000123f0000, 0x00000000133f0000)
 End Bits:   [0x00000000133f0000, 0x00000000143f0000)

Polling page: 0x0000000000aa0000

CodeCache: size=245760Kb used=8888Kb max_used=10518Kb free=236871Kb
 bounds [0x00000000028c0000, 0x0000000003310000, 0x00000000118c0000]
 total_blobs=2485 nmethods=2208 adapters=188
 compilation: enabled

Compilation events (10 events):
Event: 16.631 Thread 0x0000000014fb2800 nmethod 2221 0x000000000330ad10 code [0x000000000330ae60, 0x000000000330af70]
Event: 16.631 Thread 0x0000000014fb2800 2222       3       java.util.HashMap$KeyIterator::next (8 bytes)
Event: 16.631 Thread 0x0000000014fb2800 nmethod 2222 0x000000000330afd0 code [0x000000000330b140, 0x000000000330b348]
Event: 16.668 Thread 0x0000000014fb2800 2224       3       com.android.dx.dex.code.OutputFinisher::getAllConstants (47 bytes)
Event: 16.669 Thread 0x0000000014fb2800 nmethod 2224 0x000000000330b410 code [0x000000000330b640, 0x000000000330bfa8]
Event: 16.669 Thread 0x0000000014fb2800 2225       1       com.android.dx.dex.code.OutputFinisher::hasAnyPositionInfo (5 bytes)
Event: 16.669 Thread 0x0000000014fb2800 nmethod 2225 0x000000000330c510 code [0x000000000330c660, 0x000000000330c770]
Event: 16.671 Thread 0x0000000014fb2800 2226       3       com.android.dx.dex.code.StdCatchBuilder::hasAnyCatches (57 bytes)
Event: 16.672 Thread 0x0000000014fb2800 nmethod 2226 0x000000000330c7d0 code [0x000000000330c9c0, 0x000000000330d6f8]
Event: 16.673 Thread 0x0000000014fb2800 2227       3       com.android.dx.dex.file.CodeItem::addContents (174 bytes)

GC Heap History (10 events):
Event: 1.914 GC heap before
{Heap before GC invocations=2 (full 0):
 PSYoungGen      total 18944K, used 18941K [0x00000000eab00000, 0x00000000ed000000, 0x0000000100000000)
  eden space 16384K, 100% used [0x00000000eab00000,0x00000000ebb00000,0x00000000ebb00000)
  from space 2560K, 99% used [0x00000000ebb00000,0x00000000ebd7f648,0x00000000ebd80000)
  to   space 2560K, 0% used [0x00000000ecd80000,0x00000000ecd80000,0x00000000ed000000)
 ParOldGen       total 44032K, used 627K [0x00000000c0000000, 0x00000000c2b00000, 0x00000000eab00000)
  object space 44032K, 1% used [0x00000000c0000000,0x00000000c009cd38,0x00000000c2b00000)
 Metaspace       used 5978K, capacity 6896K, committed 7040K, reserved 1056768K
  class space    used 595K, capacity 616K, committed 640K, reserved 1048576K
Event: 2.078 GC heap after
Heap after GC invocations=2 (full 0):
 PSYoungGen      total 35328K, used 2552K [0x00000000eab00000, 0x00000000ed000000, 0x0000000100000000)
  eden space 32768K, 0% used [0x00000000eab00000,0x00000000eab00000,0x00000000ecb00000)
  from space 2560K, 99% used [0x00000000ecd80000,0x00000000ecffe048,0x00000000ed000000)
  to   space 2560K, 0% used [0x00000000ecb00000,0x00000000ecb00000,0x00000000ecd80000)
 ParOldGen       total 44032K, used 2661K [0x00000000c0000000, 0x00000000c2b00000, 0x00000000eab00000)
  object space 44032K, 6% used [0x00000000c0000000,0x00000000c0299658,0x00000000c2b00000)
 Metaspace       used 5978K, capacity 6896K, committed 7040K, reserved 1056768K
  class space    used 595K, capacity 616K, committed 640K, reserved 1048576K
}
Event: 5.684 GC heap before
{Heap before GC invocations=3 (full 0):
 PSYoungGen      total 35328K, used 35320K [0x00000000eab00000, 0x00000000ed000000, 0x0000000100000000)
  eden space 32768K, 100% used [0x00000000eab00000,0x00000000ecb00000,0x00000000ecb00000)
  from space 2560K, 99% used [0x00000000ecd80000,0x00000000ecffe048,0x00000000ed000000)
  to   space 2560K, 0% used [0x00000000ecb00000,0x00000000ecb00000,0x00000000ecd80000)
 ParOldGen       total 44032K, used 2661K [0x00000000c0000000, 0x00000000c2b00000, 0x00000000eab00000)
  object space 44032K, 6% used [0x00000000c0000000,0x00000000c0299658,0x00000000c2b00000)
 Metaspace       used 6186K, capacity 7088K, committed 7296K, reserved 1056768K
  class space    used 596K, capacity 616K, committed 640K, reserved 1048576K
Event: 5.794 GC heap after
Heap after GC invocations=3 (full 0):
 PSYoungGen      total 35328K, used 2545K [0x00000000eab00000, 0x00000000ef000000, 0x0000000100000000)
  eden space 32768K, 0% used [0x00000000eab00000,0x00000000eab00000,0x00000000ecb00000)
  from space 2560K, 99% used [0x00000000ecb00000,0x00000000ecd7c590,0x00000000ecd80000)
  to   space 2560K, 0% used [0x00000000eed80000,0x00000000eed80000,0x00000000ef000000)
 ParOldGen       total 44032K, used 7548K [0x00000000c0000000, 0x00000000c2b00000, 0x00000000eab00000)
  object space 44032K, 17% used [0x00000000c0000000,0x00000000c075f3a0,0x00000000c2b00000)
 Metaspace       used 6186K, capacity 7088K, committed 7296K, reserved 1056768K
  class space    used 596K, capacity 616K, committed 640K, reserved 1048576K
}
Event: 7.565 GC heap before
{Heap before GC invocations=4 (full 0):
 PSYoungGen      total 35328K, used 35313K [0x00000000eab00000, 0x00000000ef000000, 0x0000000100000000)
  eden space 32768K, 100% used [0x00000000eab00000,0x00000000ecb00000,0x00000000ecb00000)
  from space 2560K, 99% used [0x00000000ecb00000,0x00000000ecd7c590,0x00000000ecd80000)
  to   space 2560K, 0% used [0x00000000eed80000,0x00000000eed80000,0x00000000ef000000)
 ParOldGen       total 44032K, used 7548K [0x00000000c0000000, 0x00000000c2b00000, 0x00000000eab00000)
  object space 44032K, 17% used [0x00000000c0000000,0x00000000c075f3a0,0x00000000c2b00000)
 Metaspace       used 6257K, capacity 7152K, committed 7296K, reserved 1056768K
  class space    used 596K, capacity 616K, committed 640K, reserved 1048576K
Event: 7.667 GC heap after
Heap after GC invocations=4 (full 0):
 PSYoungGen      total 68096K, used 2538K [0x00000000eab00000, 0x00000000ef000000, 0x0000000100000000)
  eden space 65536K, 0% used [0x00000000eab00000,0x00000000eab00000,0x00000000eeb00000)
  from space 2560K, 99% used [0x00000000eed80000,0x00000000eeffa8c0,0x00000000ef000000)
  to   space 2560K, 0% used [0x00000000eeb00000,0x00000000eeb00000,0x00000000eed80000)
 ParOldGen       total 44032K, used 12645K [0x00000000c0000000, 0x00000000c2b00000, 0x00000000eab00000)
  object space 44032K, 28% used [0x00000000c0000000,0x00000000c0c59410,0x00000000c2b00000)
 Metaspace       used 6257K, capacity 7152K, committed 7296K, reserved 1056768K
  class space    used 596K, capacity 616K, committed 640K, reserved 1048576K
}
Event: 9.702 GC heap before
{Heap before GC invocations=5 (full 0):
 PSYoungGen      total 68096K, used 68074K [0x00000000eab00000, 0x00000000ef000000, 0x0000000100000000)
  eden space 65536K, 100% used [0x00000000eab00000,0x00000000eeb00000,0x00000000eeb00000)
  from space 2560K, 99% used [0x00000000eed80000,0x00000000eeffa8c0,0x00000000ef000000)
  to   space 2560K, 0% used [0x00000000eeb00000,0x00000000eeb00000,0x00000000eed80000)
 ParOldGen       total 44032K, used 12645K [0x00000000c0000000, 0x00000000c2b00000, 0x00000000eab00000)
  object space 44032K, 28% used [0x00000000c0000000,0x00000000c0c59410,0x00000000c2b00000)
 Metaspace       used 6301K, capacity 7152K, committed 7296K, reserved 1056768K
  class space    used 597K, capacity 616K, committed 640K, reserved 1048576K
Event: 10.041 GC heap after
Heap after GC invocations=5 (full 0):
 PSYoungGen      total 68096K, used 2553K [0x00000000eab00000, 0x00000000f4700000, 0x0000000100000000)
  eden space 65536K, 0% used [0x00000000eab00000,0x00000000eab00000,0x00000000eeb00000)
  from space 2560K, 99% used [0x00000000eeb00000,0x00000000eed7e760,0x00000000eed80000)
  to   space 14336K, 0% used [0x00000000f3900000,0x00000000f3900000,0x00000000f4700000)
 ParOldGen       total 44032K, used 23441K [0x00000000c0000000, 0x00000000c2b00000, 0x00000000eab00000)
  object space 44032K, 53% used [0x00000000c0000000,0x00000000c16e45f8,0x00000000c2b00000)
 Metaspace       used 6301K, capacity 7152K, committed 7296K, reserved 1056768K
  class space    used 597K, capacity 616K, committed 640K, reserved 1048576K
}
Event: 12.823 GC heap before
{Heap before GC invocations=6 (full 0):
 PSYoungGen      total 68096K, used 68089K [0x00000000eab00000, 0x00000000f4700000, 0x0000000100000000)
  eden space 65536K, 100% used [0x00000000eab00000,0x00000000eeb00000,0x00000000eeb00000)
  from space 2560K, 99% used [0x00000000eeb00000,0x00000000eed7e760,0x00000000eed80000)
  to   space 14336K, 0% used [0x00000000f3900000,0x00000000f3900000,0x00000000f4700000)
 ParOldGen       total 44032K, used 23441K [0x00000000c0000000, 0x00000000c2b00000, 0x00000000eab00000)
  object space 44032K, 53% used [0x00000000c0000000,0x00000000c16e45f8,0x00000000c2b00000)
 Metaspace       used 6422K, capacity 7192K, committed 7424K, reserved 1056768K
  class space    used 617K, capacity 656K, committed 768K, reserved 1048576K
Event: 13.471 GC heap after
Heap after GC invocations=6 (full 0):
 PSYoungGen      total 143872K, used 12257K [0x00000000eab00000, 0x00000000f4a00000, 0x0000000100000000)
  eden space 129536K, 0% used [0x00000000eab00000,0x00000000eab00000,0x00000000f2980000)
  from space 14336K, 85% used [0x00000000f3900000,0x00000000f44f8520,0x00000000f4700000)
  to   space 15872K, 0% used [0x00000000f2980000,0x00000000f2980000,0x00000000f3900000)
 ParOldGen       total 44032K, used 23449K [0x00000000c0000000, 0x00000000c2b00000, 0x00000000eab00000)
  object space 44032K, 53% used [0x00000000c0000000,0x00000000c16e65f8,0x00000000c2b00000)
 Metaspace       used 6422K, capacity 7192K, committed 7424K, reserved 1056768K
  class space    used 617K, capacity 656K, committed 768K, reserved 1048576K
}

Deoptimization events (10 events):
Event: 12.767 Thread 0x00000000165da800 Uncommon trap: reason=unreached action=reinterpret pc=0x0000000002e37b8c method=com.android.dx.ssa.MoveParamCombiner$1.visitNonMoveInsn(Lcom/android/dx/ssa/NormalSsaInsn;)V @ 27
Event: 13.522 Thread 0x00000000165da800 Uncommon trap: reason=class_check action=maybe_recompile pc=0x000000000315cb7c method=com.android.dx.cf.code.RopperMachine.run(Lcom/android/dx/cf/code/Frame;II)V @ 1024
Event: 13.528 Thread 0x000000001665e000 Uncommon trap: reason=unreached action=reinterpret pc=0x0000000003173440 method=com.android.dx.cf.code.Simulator$SimVisitor.visitLocal(IIIILcom/android/dx/rop/type/Type;I)V @ 222
Event: 13.544 Thread 0x000000001665d000 Uncommon trap: reason=unreached action=reinterpret pc=0x0000000002f4b154 method=java.util.HashMap.resize()[Ljava/util/HashMap$Node; @ 206
Event: 13.590 Thread 0x000000001665f000 Uncommon trap: reason=bimorphic action=maybe_recompile pc=0x0000000002ec8d70 method=com.android.dx.ssa.SCCP.simulatePhi(Lcom/android/dx/ssa/PhiInsn;)V @ 124
Event: 16.599 Thread 0x000000001665d000 Uncommon trap: reason=class_check action=maybe_recompile pc=0x0000000002e03060 method=java.util.Arrays.hashCode([Ljava/lang/Object;)I @ 43
Event: 16.600 Thread 0x000000001665d000 Uncommon trap: reason=class_check action=maybe_recompile pc=0x0000000002e03060 method=java.util.Arrays.hashCode([Ljava/lang/Object;)I @ 43
Event: 16.600 Thread 0x000000001665d000 Uncommon trap: reason=class_check action=maybe_recompile pc=0x0000000002e03060 method=java.util.Arrays.hashCode([Ljava/lang/Object;)I @ 43
Event: 16.600 Thread 0x000000001665d000 Uncommon trap: reason=class_check action=maybe_recompile pc=0x0000000002e03060 method=java.util.Arrays.hashCode([Ljava/lang/Object;)I @ 43
Event: 16.600 Thread 0x000000001665d000 Uncommon trap: reason=class_check action=maybe_recompile pc=0x0000000002e02ac0 method=java.util.Arrays.hashCode([Ljava/lang/Object;)I @ 43

Internal exceptions (10 events):
Event: 8.008 Thread 0x000000001665e000 Exception <a 'java/security/PrivilegedActionException'> (0x00000000ebd73440) thrown at [D:\re\workspace\8-2-build-windows-amd64-cygwin\jdk8u25\1677\hotspot\src\share\vm\prims\jvm.cpp, line 1312]
Event: 10.764 Thread 0x000000001665f000 Exception <a 'java/lang/ArrayIndexOutOfBoundsException': 18> (0x00000000ec250a38) thrown at [D:\re\workspace\8-2-build-windows-amd64-cygwin\jdk8u25\1677\hotspot\src\share\vm\interpreter\interpreterRuntime.cpp, line 366]
Event: 10.765 Thread 0x000000001665f000 Exception <a 'java/lang/ArrayIndexOutOfBoundsException'> (0x00000000ec2b8b88) thrown at [D:\re\workspace\8-2-build-windows-amd64-cygwin\jdk8u25\1677\hotspot\src\share\vm\runtime\sharedRuntime.cpp, line 604]
Event: 11.942 Thread 0x000000001665f000 Exception <a 'java/lang/ArrayIndexOutOfBoundsException'> (0x00000000ec2b9da0) thrown at [D:\re\workspace\8-2-build-windows-amd64-cygwin\jdk8u25\1677\hotspot\src\share\vm\runtime\sharedRuntime.cpp, line 604]
Event: 13.528 Thread 0x000000001665e000 Implicit null exception at 0x00000000031724ea to 0x0000000003173419
Event: 14.419 Thread 0x00000000028be800 Exception <a 'java/security/PrivilegedActionException'> (0x00000000ee7d68d8) thrown at [D:\re\workspace\8-2-build-windows-amd64-cygwin\jdk8u25\1677\hotspot\src\share\vm\prims\jvm.cpp, line 1312]
Event: 16.419 Thread 0x00000000028be800 Exception <a 'java/security/PrivilegedActionException'> (0x00000000f0f10350) thrown at [D:\re\workspace\8-2-build-windows-amd64-cygwin\jdk8u25\1677\hotspot\src\share\vm\prims\jvm.cpp, line 1312]
Event: 16.603 Thread 0x000000001665d000 Exception <a 'java/security/PrivilegedActionException'> (0x00000000f1733070) thrown at [D:\re\workspace\8-2-build-windows-amd64-cygwin\jdk8u25\1677\hotspot\src\share\vm\prims\jvm.cpp, line 1312]
Event: 16.629 Thread 0x000000001665d000 Exception <a 'java/security/PrivilegedActionException'> (0x00000000f178a118) thrown at [D:\re\workspace\8-2-build-windows-amd64-cygwin\jdk8u25\1677\hotspot\src\share\vm\prims\jvm.cpp, line 1312]
Event: 16.987 Thread 0x000000001665d000 Exception <a 'java/security/PrivilegedActionException'> (0x00000000f1a5abe8) thrown at [D:\re\workspace\8-2-build-windows-amd64-cygwin\jdk8u25\1677\hotspot\src\share\vm\prims\jvm.cpp, line 1312]

Events (10 events):
Event: 16.675 Thread 0x0000000014fb2800 flushing nmethod 0x0000000002a084d0
Event: 16.675 Thread 0x0000000014fb2800 flushing nmethod 0x0000000002a08a10
Event: 16.675 Thread 0x0000000014fb2800 flushing nmethod 0x0000000002a09c50
Event: 16.675 Thread 0x0000000014fb2800 flushing nmethod 0x0000000002a0b010
Event: 16.675 Thread 0x0000000014fb2800 flushing nmethod 0x0000000002a0b9d0
Event: 16.675 Thread 0x0000000014fb2800 flushing nmethod 0x0000000002a0cf50
Event: 16.675 Thread 0x0000000014fb2800 flushing nmethod 0x0000000002a10190
Event: 16.675 Thread 0x0000000014fb2800 flushing nmethod 0x0000000002a10890
Event: 16.986 loading class com/android/dx/dex/file/ProtoIdItem
Event: 16.986 loading class com/android/dx/dex/file/ProtoIdItem done


Dynamic libraries:
0x00007ff72c570000 - 0x00007ff72c5a4000 	C:\Program Files\Java\jdk1.8.0_25\bin\java.exe
0x00007ffe6fd60000 - 0x00007ffe6ff0d000 	C:\windows\SYSTEM32\ntdll.dll
0x00007ffe6e030000 - 0x00007ffe6e16e000 	C:\windows\system32\KERNEL32.DLL
0x00007ffe6d270000 - 0x00007ffe6d385000 	C:\windows\system32\KERNELBASE.dll
0x00007ffe6ba50000 - 0x00007ffe6bade000 	C:\windows\system32\apphelp.dll
0x00007ffe3bbf0000 - 0x00007ffe3bc43000 	C:\windows\AppPatch\AppPatch64\AcGenral.DLL
0x00007ffe6fcb0000 - 0x00007ffe6fd5a000 	C:\windows\system32\msvcrt.dll
0x00007ffe6d060000 - 0x00007ffe6d08e000 	C:\windows\system32\SspiCli.dll
0x00007ffe6d700000 - 0x00007ffe6d754000 	C:\windows\system32\SHLWAPI.dll
0x00007ffe6db10000 - 0x00007ffe6dc87000 	C:\windows\system32\USER32.dll
0x00007ffe6e3f0000 - 0x00007ffe6e584000 	C:\windows\system32\ole32.dll
0x00007ffe6e770000 - 0x00007ffe6fc98000 	C:\windows\system32\SHELL32.dll
0x00007ffe6c450000 - 0x00007ffe6c471000 	C:\windows\SYSTEM32\USERENV.dll
0x00007ffe6dca0000 - 0x00007ffe6dd4a000 	C:\windows\system32\ADVAPI32.dll
0x00007ffe614a0000 - 0x00007ffe614be000 	C:\windows\SYSTEM32\MPR.dll
0x00007ffe6def0000 - 0x00007ffe6e030000 	C:\windows\system32\RPCRT4.dll
0x00007ffe6d9e0000 - 0x00007ffe6da39000 	C:\windows\SYSTEM32\sechost.dll
0x00007ffe6e170000 - 0x00007ffe6e381000 	C:\windows\SYSTEM32\combase.dll
0x00007ffe6d7c0000 - 0x00007ffe6d90f000 	C:\windows\system32\GDI32.dll
0x00007ffe6ce80000 - 0x00007ffe6ce95000 	C:\windows\SYSTEM32\profapi.dll
0x00007ffe6b6e0000 - 0x00007ffe6b792000 	C:\windows\SYSTEM32\SHCORE.dll
0x00007ffe6d760000 - 0x00007ffe6d796000 	C:\windows\system32\IMM32.DLL
0x00007ffe6d3e0000 - 0x00007ffe6d532000 	C:\windows\system32\MSCTF.dll
0x00007ffe6afa0000 - 0x00007ffe6b21b000 	C:\windows\WinSxS\amd64_microsoft.windows.common-controls_6595b64144ccf1df_6.0.9600.18006_none_623f33d3ecbe86e8\COMCTL32.dll
0x000000006e820000 - 0x000000006e8f2000 	C:\Program Files\Java\jdk1.8.0_25\jre\bin\msvcr100.dll
0x000000006ed80000 - 0x000000006f5da000 	C:\Program Files\Java\jdk1.8.0_25\jre\bin\server\jvm.dll
0x00007ffe643b0000 - 0x00007ffe643b9000 	C:\windows\SYSTEM32\WSOCK32.dll
0x00007ffe68850000 - 0x00007ffe68872000 	C:\windows\SYSTEM32\WINMM.dll
0x00007ffe6fca0000 - 0x00007ffe6fca7000 	C:\windows\system32\PSAPI.DLL
0x00007ffe6ddc0000 - 0x00007ffe6de1a000 	C:\windows\system32\WS2_32.dll
0x00007ffe683e0000 - 0x00007ffe6840a000 	C:\windows\SYSTEM32\WINMMBASE.dll
0x00007ffe6dee0000 - 0x00007ffe6dee9000 	C:\windows\system32\NSI.dll
0x00007ffe6d390000 - 0x00007ffe6d3df000 	C:\windows\SYSTEM32\cfgmgr32.dll
0x00007ffe6bcd0000 - 0x00007ffe6bcf8000 	C:\windows\SYSTEM32\DEVOBJ.dll
0x000000006f7c0000 - 0x000000006f7cf000 	C:\Program Files\Java\jdk1.8.0_25\jre\bin\verify.dll
0x000000006ed50000 - 0x000000006ed78000 	C:\Program Files\Java\jdk1.8.0_25\jre\bin\java.dll
0x000000006ed30000 - 0x000000006ed46000 	C:\Program Files\Java\jdk1.8.0_25\jre\bin\zip.dll
0x00007ffe67370000 - 0x00007ffe674f9000 	C:\windows\SYSTEM32\dbghelp.dll

VM Arguments:
jvm_args: -Djava.awt.headless=true -Xmx1024M -Dfile.encoding=GBK -Duser.country=CN -Duser.language=zh -Duser.variant 
java_command: com.android.dx.command.Main --dex --force-jumbo --num-threads=4 --multi-dex --output D:\code\Android\coolWeather\app\build\intermediates\transforms\dex\debug\folders\1000\10\com.android.support-appcompat-v7-24.1.0_5e06b9aa60f3b25d18e62b1bec36424d1bb3b7ce D:\code\Android\coolWeather\app\build\intermediates\exploded-aar\com.android.support\appcompat-v7\24.1.0\jars\classes.jar
java_class_path (initial): D:\AndroidSDK\build-tools\24.0.1\lib\dx.jar
Launcher Type: SUN_STANDARD

Environment Variables:
JAVA_HOME=C:\Program Files\Java\jdk1.8.0_25
CLASSPATH=.;C:\Program Files\Java\jdk1.8.0_25\lib\tools.jar; C:\Program Files\Java\jdk1.8.0_25\lib\dt.jar;C:\Program Files\Java\jdk1.8.0_25\bin;D:\Applications\apache-jmeter-2.12\lib\ext\ApacheJMeter_core.jar;D:\Applications\apache-jmeter-2.12\lib\jorphan.jar;D:\Applications\apache-jmeter-2.12\lib\logkit-2.0.jar
PATH=D:\¹¤¾ß\apache-ant-1.8.2\bin;C:\ProgramData\Oracle\Java\javapath;C:\Program Files (x86)\Lenovo\FusionEngine;C:\Program Files (x86)\Intel\iCLS Client\;C:\Program Files\Intel\iCLS Client\;C:\windows\system32;C:\windows;C:\windows\System32\Wbem;C:\windows\System32\WindowsPowerShell\v1.0\;C:\Program Files\Intel\Intel(R) Management Engine Components\DAL;C:\Program Files\Intel\Intel(R) Management Engine Components\IPT;C:\Program Files (x86)\Intel\Intel(R) Management Engine Components\DAL;C:\Program Files (x86)\Intel\Intel(R) Management Engine Components\IPT;C:\Program Files (x86)\ATI Technologies\ATI.ACE\Core-Static;C:\Program Files\Lenovo\Bluetooth Software\;C:\Program Files\Lenovo\Bluetooth Software\syswow64;C:\Program Files (x86)\Common Files\lenovo\easyplussdk\bin;C:\Program Files (x86)\Lenovo\Lenovo Home\;C:\Program Files\Java\jdk1.8.0_25\bin;C:\Program Files (x86)\Windows Kits\8.1\Windows Performance Toolkit\;C:\Program Files\Microsoft SQL Server\110\Tools\Binn\;C:\Program Files\Microsoft SQL Server\110\DTS\Binn\;C:\Program Files (x86)\Microsoft SQL Server\110\Tools\Binn\;C:\Program Files (x86)\Microsoft SQL Server\110\Tools\Binn\ManagementStudio\;C:\Program Files (x86)\Microsoft Visual Studio 10.0\Common7\IDE\PrivateAssemblies\;C:\Program Files (x86)\Microsoft SQL Server\110\DTS\Binn\;C:\Program Files (x86)\Skype\Phone\;C:\Program Files (x86)\MySQL\MySQL Utilities 1.3.6\
USERNAME=hui
OS=Windows_NT
PROCESSOR_IDENTIFIER=Intel64 Family 6 Model 60 Stepping 3, GenuineIntel



---------------  S Y S T E M  ---------------

OS: Windows 8.1 , 64 bit Build 9600 

CPU:total 4 (2 cores per cpu, 2 threads per core) family 6 model 60 stepping 3, cmov, cx8, fxsr, mmx, sse, sse2, sse3, ssse3, sse4.1, sse4.2, popcnt, avx, avx2, clmul, erms, lzcnt, ht, tsc, tscinvbit, bmi1, bmi2

Memory: 4k page, physical 4104472k(486968k free), swap 8298776k(11292k free)

vm_info: Java HotSpot(TM) 64-Bit Server VM (25.25-b02) for windows-amd64 JRE (1.8.0_25-b18), built on Oct  7 2014 14:25:37 by "java_re" with MS VC++ 10.0 (VS2010)

time: Sun Oct 23 17:57:54 2016
elapsed time: 27 seconds (0d 0h 0m 27s)

