#
# There is insufficient memory for the Java Runtime Environment to continue.
# Native memory allocation (malloc) failed to allocate 551936 bytes for Chunk::new
# Possible reasons:
#   The system is out of physical RAM or swap space
#   In 32 bit mode, the process size limit was hit
# Possible solutions:
#   Reduce memory load on the system
#   Increase physical memory or swap space
#   Check if swap backing store is full
#   Use 64 bit Java on a 64 bit OS
#   Decrease Java heap size (-Xmx/-Xms)
#   Decrease number of Java threads
#   Decrease Java thread stack sizes (-Xss)
#   Set larger code cache with -XX:ReservedCodeCacheSize=
# This output file may be truncated or incomplete.
#
#  Out of Memory Error (allocation.cpp:390), pid=9348, tid=10976
#
# JRE version: Java(TM) SE Runtime Environment (8.0_25-b18) (build 1.8.0_25-b18)
# Java VM: Java HotSpot(TM) 64-Bit Server VM (25.25-b02 mixed mode windows-amd64 compressed oops)
# Failed to write core dump. Minidumps are not enabled by default on client versions of Windows
#

---------------  T H R E A D  ---------------

Current thread (0x0000000014f20800):  JavaThread "C2 CompilerThread1" daemon [_thread_in_native, id=10976, stack(0x0000000016960000,0x0000000016a60000)]

Stack: [0x0000000016960000,0x0000000016a60000]
Native frames: (J=compiled Java code, j=interpreted, Vv=VM code, C=native code)
V  [jvm.dll+0x31667a]


Current CompileTask:
C2:   7412  723       4       com.android.dx.ssa.SsaBasicBlock::forEachInsn (37 bytes)


---------------  P R O C E S S  ---------------

Java Threads: ( => current thread )
  0x00000000162d3800 JavaThread "Service Thread" daemon [_thread_blocked, id=10952, stack(0x0000000016b60000,0x0000000016c60000)]
  0x0000000014f5e800 JavaThread "C1 CompilerThread2" daemon [_thread_blocked, id=11652, stack(0x0000000016a60000,0x0000000016b60000)]
=>0x0000000014f20800 JavaThread "C2 CompilerThread1" daemon [_thread_in_native, id=10976, stack(0x0000000016960000,0x0000000016a60000)]
  0x0000000014f1a000 JavaThread "C2 CompilerThread0" daemon [_thread_blocked, id=8768, stack(0x0000000016860000,0x0000000016960000)]
  0x0000000014f10800 JavaThread "Attach Listener" daemon [_thread_blocked, id=9620, stack(0x0000000016760000,0x0000000016860000)]
  0x0000000014ef9000 JavaThread "Signal Dispatcher" daemon [_thread_blocked, id=12244, stack(0x0000000016660000,0x0000000016760000)]
  0x0000000014ec7800 JavaThread "Finalizer" daemon [_thread_blocked, id=12744, stack(0x0000000016160000,0x0000000016260000)]
  0x000000000281e000 JavaThread "Reference Handler" daemon [_thread_blocked, id=6536, stack(0x0000000016060000,0x0000000016160000)]

Other Threads:
  0x0000000014ec5800 VMThread [stack: 0x0000000015f60000,0x0000000016060000] [id=10924]

VM state:at safepoint (normal execution)

VM Mutex/Monitor currently owned by a thread:  ([mutex/lock_event])
[0x0000000000b7d200] Threads_lock - owner thread: 0x0000000014ec5800
[0x0000000000b7cc00] Heap_lock - owner thread: 0x0000000000b7e800

Heap:
 PSYoungGen      total 18944K, used 3686K [0x00000000eab00000, 0x00000000ec000000, 0x0000000100000000)
  eden space 16384K, 7% used [0x00000000eab00000,0x00000000eac1f6d0,0x00000000ebb00000)
  from space 2560K, 99% used [0x00000000ebb00000,0x00000000ebd7a4f8,0x00000000ebd80000)
  to   space 2560K, 0% used [0x00000000ebd80000,0x00000000ebd80000,0x00000000ec000000)
 ParOldGen       total 44032K, used 1190K [0x00000000c0000000, 0x00000000c2b00000, 0x00000000eab00000)
  object space 44032K, 2% used [0x00000000c0000000,0x00000000c0129b10,0x00000000c2b00000)
 Metaspace       used 6216K, capacity 6936K, committed 7168K, reserved 1056768K
  class space    used 646K, capacity 656K, committed 768K, reserved 1048576K

Card table byte_map: [0x0000000011bf0000,0x0000000011e00000] byte_map_base: 0x00000000115f0000

Marking Bits: (ParMarkBitMap*) 0x000000006f55d490
 Begin Bits: [0x0000000012360000, 0x0000000013360000)
 End Bits:   [0x0000000013360000, 0x0000000014360000)

Polling page: 0x0000000000ac0000

CodeCache: size=245760Kb used=3361Kb max_used=3365Kb free=242398Kb
 bounds [0x0000000002830000, 0x0000000002b80000, 0x0000000011830000]
 total_blobs=1084 nmethods=809 adapters=188
 compilation: disabled (not enough contiguous free space left)

Compilation events (10 events):
Event: 5.898 Thread 0x0000000014f1a000 nmethod 804 0x0000000002b7b950 code [0x0000000002b7baa0, 0x0000000002b7bc78]
Event: 5.898 Thread 0x0000000014f1a000  806       4       com.android.dx.rop.code.BasicBlockList::get (9 bytes)
Event: 5.899 Thread 0x0000000014f1a000 nmethod 806 0x0000000002b7bd90 code [0x0000000002b7bee0, 0x0000000002b7bfb8]
Event: 5.899 Thread 0x0000000014f1a000  799       4       com.android.dx.rop.code.RegisterSpecList::get (9 bytes)
Event: 5.900 Thread 0x0000000014f1a000 nmethod 799 0x0000000002b7c110 code [0x0000000002b7c260, 0x0000000002b7c338]
Event: 5.988 Thread 0x0000000014f5e800  809       3       java.util.ArrayList::set (20 bytes)
Event: 5.988 Thread 0x0000000014f5e800 nmethod 809 0x0000000002b78750 code [0x0000000002b788e0, 0x0000000002b78d78]
Event: 5.993 Thread 0x0000000014f5e800  810       1       com.android.dx.ssa.SsaMethod::getEntryBlockIndex (5 bytes)
Event: 5.993 Thread 0x0000000014f5e800 nmethod 810 0x0000000002b78490 code [0x0000000002b785e0, 0x0000000002b786f0]
Event: 5.994 Thread 0x0000000014f5e800  811       3       com.android.dx.ssa.DeadCodeRemover::pruneDeadInstructions (246 bytes)

GC Heap History (2 events):
Event: 6.186 GC heap before
{Heap before GC invocations=1 (full 0):
 PSYoungGen      total 18944K, used 16384K [0x00000000eab00000, 0x00000000ec000000, 0x0000000100000000)
  eden space 16384K, 100% used [0x00000000eab00000,0x00000000ebb00000,0x00000000ebb00000)
  from space 2560K, 0% used [0x00000000ebd80000,0x00000000ebd80000,0x00000000ec000000)
  to   space 2560K, 0% used [0x00000000ebb00000,0x00000000ebb00000,0x00000000ebd80000)
 ParOldGen       total 44032K, used 0K [0x00000000c0000000, 0x00000000c2b00000, 0x00000000eab00000)
  object space 44032K, 0% used [0x00000000c0000000,0x00000000c0000000,0x00000000c2b00000)
 Metaspace       used 5936K, capacity 6896K, committed 7040K, reserved 1056768K
  class space    used 611K, capacity 616K, committed 640K, reserved 1048576K
Event: 6.242 GC heap after
Heap after GC invocations=1 (full 0):
 PSYoungGen      total 18944K, used 2537K [0x00000000eab00000, 0x00000000ec000000, 0x0000000100000000)
  eden space 16384K, 0% used [0x00000000eab00000,0x00000000eab00000,0x00000000ebb00000)
  from space 2560K, 99% used [0x00000000ebb00000,0x00000000ebd7a4f8,0x00000000ebd80000)
  to   space 2560K, 0% used [0x00000000ebd80000,0x00000000ebd80000,0x00000000ec000000)
 ParOldGen       total 44032K, used 1190K [0x00000000c0000000, 0x00000000c2b00000, 0x00000000eab00000)
  object space 44032K, 2% used [0x00000000c0000000,0x00000000c0129b10,0x00000000c2b00000)
 Metaspace       used 5936K, capacity 6896K, committed 7040K, reserved 1056768K
  class space    used 611K, capacity 616K, committed 640K, reserved 1048576K
}

Deoptimization events (7 events):
Event: 6.017 Thread 0x000000001651b000 Uncommon trap: reason=class_check action=maybe_recompile pc=0x0000000002a8fb30 method=com.android.dx.ssa.NormalSsaInsn.accept(Lcom/android/dx/ssa/SsaInsn$Visitor;)V @ 9
Event: 6.017 Thread 0x000000001651b000 Uncommon trap: reason=class_check action=maybe_recompile pc=0x0000000002a8fb30 method=com.android.dx.ssa.NormalSsaInsn.accept(Lcom/android/dx/ssa/SsaInsn$Visitor;)V @ 9
Event: 6.266 Thread 0x000000001651b000 Uncommon trap: reason=unreached action=reinterpret pc=0x0000000002b529e8 method=java.util.Arrays.copyOf([Ljava/lang/Object;ILjava/lang/Class;)[Ljava/lang/Object; @ 3
Event: 6.271 Thread 0x000000001651b000 Uncommon trap: reason=bimorphic action=maybe_recompile pc=0x0000000002a36adc method=java.util.HashMap.getNode(ILjava/lang/Object;)Ljava/util/HashMap$Node; @ 126
Event: 6.271 Thread 0x000000001651b000 Uncommon trap: reason=bimorphic action=maybe_recompile pc=0x0000000002a36adc method=java.util.HashMap.getNode(ILjava/lang/Object;)Ljava/util/HashMap$Node; @ 126
Event: 6.272 Thread 0x000000001651b000 Uncommon trap: reason=bimorphic action=maybe_recompile pc=0x0000000002a36adc method=java.util.HashMap.getNode(ILjava/lang/Object;)Ljava/util/HashMap$Node; @ 126
Event: 6.272 Thread 0x000000001651b000 Uncommon trap: reason=bimorphic action=maybe_recompile pc=0x0000000002a36adc method=java.util.HashMap.getNode(ILjava/lang/Object;)Ljava/util/HashMap$Node; @ 126

Internal exceptions (10 events):
Event: 6.163 Thread 0x000000001651b000 Exception <a 'java/security/PrivilegedActionException'> (0x00000000ebac0cc8) thrown at [D:\re\workspace\8-2-build-windows-amd64-cygwin\jdk8u25\1677\hotspot\src\share\vm\prims\jvm.cpp, line 1312]
Event: 6.164 Thread 0x000000001651b000 Exception <a 'java/security/PrivilegedActionException'> (0x00000000ebac3e78) thrown at [D:\re\workspace\8-2-build-windows-amd64-cygwin\jdk8u25\1677\hotspot\src\share\vm\prims\jvm.cpp, line 1312]
Event: 6.165 Thread 0x000000001651b000 Exception <a 'java/security/PrivilegedActionException'> (0x00000000ebac7040) thrown at [D:\re\workspace\8-2-build-windows-amd64-cygwin\jdk8u25\1677\hotspot\src\share\vm\prims\jvm.cpp, line 1312]
Event: 6.181 Thread 0x000000001651b000 Exception <a 'java/security/PrivilegedActionException'> (0x00000000ebae49f8) thrown at [D:\re\workspace\8-2-build-windows-amd64-cygwin\jdk8u25\1677\hotspot\src\share\vm\prims\jvm.cpp, line 1312]
Event: 6.183 Thread 0x000000001651b000 Exception <a 'java/security/PrivilegedActionException'> (0x00000000ebaf06b0) thrown at [D:\re\workspace\8-2-build-windows-amd64-cygwin\jdk8u25\1677\hotspot\src\share\vm\prims\jvm.cpp, line 1312]
Event: 6.184 Thread 0x000000001651b000 Exception <a 'java/security/PrivilegedActionException'> (0x00000000ebaf3188) thrown at [D:\re\workspace\8-2-build-windows-amd64-cygwin\jdk8u25\1677\hotspot\src\share\vm\prims\jvm.cpp, line 1312]
Event: 6.243 Thread 0x000000001651b000 Exception <a 'java/security/PrivilegedActionException'> (0x00000000eab0e558) thrown at [D:\re\workspace\8-2-build-windows-amd64-cygwin\jdk8u25\1677\hotspot\src\share\vm\prims\jvm.cpp, line 1312]
Event: 6.245 Thread 0x000000001651b000 Exception <a 'java/security/PrivilegedActionException'> (0x00000000eab16b90) thrown at [D:\re\workspace\8-2-build-windows-amd64-cygwin\jdk8u25\1677\hotspot\src\share\vm\prims\jvm.cpp, line 1312]
Event: 6.247 Thread 0x000000001651b000 Exception <a 'java/security/PrivilegedActionException'> (0x00000000eab20298) thrown at [D:\re\workspace\8-2-build-windows-amd64-cygwin\jdk8u25\1677\hotspot\src\share\vm\prims\jvm.cpp, line 1312]
Event: 6.254 Thread 0x000000001651b000 Exception <a 'java/security/PrivilegedActionException'> (0x00000000eab22fe0) thrown at [D:\re\workspace\8-2-build-windows-amd64-cygwin\jdk8u25\1677\hotspot\src\share\vm\prims\jvm.cpp, line 1312]

Events (10 events):
Event: 6.349 Thread 0x0000000000b7e800 Thread exited: 0x0000000000b7e800
Event: 6.349 Thread 0x0000000000b7e800 Thread added: 0x0000000000b7e800
Event: 6.350 Executing VM operation: RevokeBias
Event: 6.350 Executing VM operation: RevokeBias done
Event: 6.350 Thread 0x000000001651b000 Thread exited: 0x000000001651b000
Event: 6.350 loading class java/lang/Shutdown
Event: 6.350 loading class java/lang/Shutdown done
Event: 6.350 loading class java/lang/Shutdown$Lock
Event: 6.351 loading class java/lang/Shutdown$Lock done
Event: 6.351 Thread 0x0000000000b7e800 Thread exited: 0x0000000000b7e800


Dynamic libraries:
0x00007ff72c570000 - 0x00007ff72c5a4000 	C:\Program Files\Java\jdk1.8.0_25\bin\java.exe
0x00007ffe6fd60000 - 0x00007ffe6ff0d000 	C:\windows\SYSTEM32\ntdll.dll
0x00007ffe6e030000 - 0x00007ffe6e16e000 	C:\windows\system32\KERNEL32.DLL
0x00007ffe6d270000 - 0x00007ffe6d385000 	C:\windows\system32\KERNELBASE.dll
0x00007ffe6ba50000 - 0x00007ffe6bade000 	C:\windows\system32\apphelp.dll
0x00007ffe3bbf0000 - 0x00007ffe3bc43000 	C:\windows\AppPatch\AppPatch64\AcGenral.DLL
0x00007ffe6fcb0000 - 0x00007ffe6fd5a000 	C:\windows\system32\msvcrt.dll
0x00007ffe6d060000 - 0x00007ffe6d08e000 	C:\windows\system32\SspiCli.dll
0x00007ffe6d700000 - 0x00007ffe6d754000 	C:\windows\system32\SHLWAPI.dll
0x00007ffe6db10000 - 0x00007ffe6dc87000 	C:\windows\system32\USER32.dll
0x00007ffe6e3f0000 - 0x00007ffe6e584000 	C:\windows\system32\ole32.dll
0x00007ffe6e770000 - 0x00007ffe6fc98000 	C:\windows\system32\SHELL32.dll
0x00007ffe6c450000 - 0x00007ffe6c471000 	C:\windows\SYSTEM32\USERENV.dll
0x00007ffe6dca0000 - 0x00007ffe6dd4a000 	C:\windows\system32\ADVAPI32.dll
0x00007ffe614a0000 - 0x00007ffe614be000 	C:\windows\SYSTEM32\MPR.dll
0x00007ffe6def0000 - 0x00007ffe6e030000 	C:\windows\system32\RPCRT4.dll
0x00007ffe6d9e0000 - 0x00007ffe6da39000 	C:\windows\SYSTEM32\sechost.dll
0x00007ffe6e170000 - 0x00007ffe6e381000 	C:\windows\SYSTEM32\combase.dll
0x00007ffe6d7c0000 - 0x00007ffe6d90f000 	C:\windows\system32\GDI32.dll
0x00007ffe6ce80000 - 0x00007ffe6ce95000 	C:\windows\SYSTEM32\profapi.dll
0x00007ffe6b6e0000 - 0x00007ffe6b792000 	C:\windows\SYSTEM32\SHCORE.dll
0x00007ffe6d760000 - 0x00007ffe6d796000 	C:\windows\system32\IMM32.DLL
0x00007ffe6d3e0000 - 0x00007ffe6d532000 	C:\windows\system32\MSCTF.dll
0x00007ffe6afa0000 - 0x00007ffe6b21b000 	C:\windows\WinSxS\amd64_microsoft.windows.common-controls_6595b64144ccf1df_6.0.9600.18006_none_623f33d3ecbe86e8\COMCTL32.dll
0x000000006e820000 - 0x000000006e8f2000 	C:\Program Files\Java\jdk1.8.0_25\jre\bin\msvcr100.dll
0x000000006ed80000 - 0x000000006f5da000 	C:\Program Files\Java\jdk1.8.0_25\jre\bin\server\jvm.dll
0x00007ffe643b0000 - 0x00007ffe643b9000 	C:\windows\SYSTEM32\WSOCK32.dll
0x00007ffe68850000 - 0x00007ffe68872000 	C:\windows\SYSTEM32\WINMM.dll
0x00007ffe6fca0000 - 0x00007ffe6fca7000 	C:\windows\system32\PSAPI.DLL
0x00007ffe6ddc0000 - 0x00007ffe6de1a000 	C:\windows\system32\WS2_32.dll
0x00007ffe683e0000 - 0x00007ffe6840a000 	C:\windows\SYSTEM32\WINMMBASE.dll
0x00007ffe6dee0000 - 0x00007ffe6dee9000 	C:\windows\system32\NSI.dll
0x00007ffe6d390000 - 0x00007ffe6d3df000 	C:\windows\SYSTEM32\cfgmgr32.dll
0x00007ffe6bcd0000 - 0x00007ffe6bcf8000 	C:\windows\SYSTEM32\DEVOBJ.dll
0x000000006f7c0000 - 0x000000006f7cf000 	C:\Program Files\Java\jdk1.8.0_25\jre\bin\verify.dll
0x000000006ed50000 - 0x000000006ed78000 	C:\Program Files\Java\jdk1.8.0_25\jre\bin\java.dll
0x000000006ed30000 - 0x000000006ed46000 	C:\Program Files\Java\jdk1.8.0_25\jre\bin\zip.dll

VM Arguments:
jvm_args: -Djava.awt.headless=true -Xmx1024M -Dfile.encoding=GBK -Duser.country=CN -Duser.language=zh -Duser.variant 
java_command: com.android.dx.command.Main --dex --force-jumbo --num-threads=4 --multi-dex --output D:\code\Android\coolWeather\app\build\intermediates\transforms\dex\debug\folders\1000\10\com.android.support-animated-vector-drawable-24.1.0_85ff5858677b53720638eae99442622399a927b4 D:\code\Android\coolWeather\app\build\intermediates\exploded-aar\com.android.support\animated-vector-drawable\24.1.0\jars\classes.jar
java_class_path (initial): D:\AndroidSDK\build-tools\24.0.1\lib\dx.jar
Launcher Type: SUN_STANDARD

Environment Variables:
JAVA_HOME=C:\Program Files\Java\jdk1.8.0_25
CLASSPATH=.;C:\Program Files\Java\jdk1.8.0_25\lib\tools.jar; C:\Program Files\Java\jdk1.8.0_25\lib\dt.jar;C:\Program Files\Java\jdk1.8.0_25\bin;D:\Applications\apache-jmeter-2.12\lib\ext\ApacheJMeter_core.jar;D:\Applications\apache-jmeter-2.12\lib\jorphan.jar;D:\Applications\apache-jmeter-2.12\lib\logkit-2.0.jar
PATH=D:\¹¤¾ß\apache-ant-1.8.2\bin;C:\ProgramData\Oracle\Java\javapath;C:\Program Files (x86)\Lenovo\FusionEngine;C:\Program Files (x86)\Intel\iCLS Client\;C:\Program Files\Intel\iCLS Client\;C:\windows\system32;C:\windows;C:\windows\System32\Wbem;C:\windows\System32\WindowsPowerShell\v1.0\;C:\Program Files\Intel\Intel(R) Management Engine Components\DAL;C:\Program Files\Intel\Intel(R) Management Engine Components\IPT;C:\Program Files (x86)\Intel\Intel(R) Management Engine Components\DAL;C:\Program Files (x86)\Intel\Intel(R) Management Engine Components\IPT;C:\Program Files (x86)\ATI Technologies\ATI.ACE\Core-Static;C:\Program Files\Lenovo\Bluetooth Software\;C:\Program Files\Lenovo\Bluetooth Software\syswow64;C:\Program Files (x86)\Common Files\lenovo\easyplussdk\bin;C:\Program Files (x86)\Lenovo\Lenovo Home\;C:\Program Files\Java\jdk1.8.0_25\bin;C:\Program Files (x86)\Windows Kits\8.1\Windows Performance Toolkit\;C:\Program Files\Microsoft SQL Server\110\Tools\Binn\;C:\Program Files\Microsoft SQL Server\110\DTS\Binn\;C:\Program Files (x86)\Microsoft SQL Server\110\Tools\Binn\;C:\Program Files (x86)\Microsoft SQL Server\110\Tools\Binn\ManagementStudio\;C:\Program Files (x86)\Microsoft Visual Studio 10.0\Common7\IDE\PrivateAssemblies\;C:\Program Files (x86)\Microsoft SQL Server\110\DTS\Binn\;C:\Program Files (x86)\Skype\Phone\;C:\Program Files (x86)\MySQL\MySQL Utilities 1.3.6\
USERNAME=hui
OS=Windows_NT
PROCESSOR_IDENTIFIER=Intel64 Family 6 Model 60 Stepping 3, GenuineIntel



---------------  S Y S T E M  ---------------

OS: Windows 8.1 , 64 bit Build 9600 

CPU:total 4 (2 cores per cpu, 2 threads per core) family 6 model 60 stepping 3, cmov, cx8, fxsr, mmx, sse, sse2, sse3, ssse3, sse4.1, sse4.2, popcnt, avx, avx2, clmul, erms, lzcnt, ht, tsc, tscinvbit, bmi1, bmi2

Memory: 4k page, physical 4104472k(415540k free), swap 8298776k(2964k free)

vm_info: Java HotSpot(TM) 64-Bit Server VM (25.25-b02) for windows-amd64 JRE (1.8.0_25-b18), built on Oct  7 2014 14:25:37 by "java_re" with MS VC++ 10.0 (VS2010)

time: Sun Oct 23 17:57:46 2016
elapsed time: 8 seconds (0d 0h 0m 8s)

