#
# There is insufficient memory for the Java Runtime Environment to continue.
# Native memory allocation (malloc) failed to allocate 131088 bytes for Chunk::new
# Possible reasons:
#   The system is out of physical RAM or swap space
#   In 32 bit mode, the process size limit was hit
# Possible solutions:
#   Reduce memory load on the system
#   Increase physical memory or swap space
#   Check if swap backing store is full
#   Use 64 bit Java on a 64 bit OS
#   Decrease Java heap size (-Xmx/-Xms)
#   Decrease number of Java threads
#   Decrease Java thread stack sizes (-Xss)
#   Set larger code cache with -XX:ReservedCodeCacheSize=
# This output file may be truncated or incomplete.
#
#  Out of Memory Error (allocation.cpp:390), pid=11380, tid=12228
#
# JRE version: Java(TM) SE Runtime Environment (8.0_25-b18) (build 1.8.0_25-b18)
# Java VM: Java HotSpot(TM) 64-Bit Server VM (25.25-b02 mixed mode windows-amd64 compressed oops)
# Failed to write core dump. Minidumps are not enabled by default on client versions of Windows
#

---------------  T H R E A D  ---------------

Current thread (0x00000000152cc800):  JavaThread "C2 CompilerThread0" daemon [_thread_in_native, id=12228, stack(0x0000000016bd0000,0x0000000016cd0000)]

Stack: [0x0000000016bd0000,0x0000000016cd0000]
Native frames: (J=compiled Java code, j=interpreted, Vv=VM code, C=native code)
V  [jvm.dll+0x31667a]
V  [jvm.dll+0x267073]
V  [jvm.dll+0x267cb3]
V  [jvm.dll+0x25f5b5]
V  [jvm.dll+0xbf165]
V  [jvm.dll+0xbf60c]
V  [jvm.dll+0xbf8b4]
V  [jvm.dll+0x4e6020]
V  [jvm.dll+0x49e5ef]
V  [jvm.dll+0x4524ef]
V  [jvm.dll+0x453864]
V  [jvm.dll+0x437372]
V  [jvm.dll+0x98a02]
V  [jvm.dll+0x991f3]
V  [jvm.dll+0x22bde4]
V  [jvm.dll+0x2852fa]
C  [msvcr100.dll+0x21d9f]
C  [msvcr100.dll+0x21e3b]
C  [KERNEL32.DLL+0x13d2]
C  [ntdll.dll+0x154e4]


Current CompileTask:
C2:  27565 2363 %     4       com.android.dx.ssa.SsaMethod::convertRopToSsaBlocks @ 27 (103 bytes)


---------------  P R O C E S S  ---------------

Java Threads: ( => current thread )
  0x0000000016ad4800 JavaThread "pool-2-thread-4" [_thread_blocked, id=9852, stack(0x0000000017cd0000,0x0000000017dd0000)]
  0x0000000016b06800 JavaThread "pool-2-thread-3" [_thread_blocked, id=664, stack(0x0000000017bd0000,0x0000000017cd0000)]
  0x0000000016bb4000 JavaThread "pool-2-thread-2" [_thread_blocked, id=11188, stack(0x0000000017ad0000,0x0000000017bd0000)]
  0x0000000016bb3000 JavaThread "pool-3-thread-1" [_thread_blocked, id=10760, stack(0x00000000179d0000,0x0000000017ad0000)]
  0x0000000016bb0000 JavaThread "pool-2-thread-1" [_thread_blocked, id=12896, stack(0x00000000178d0000,0x00000000179d0000)]
  0x000000001684a800 JavaThread "Service Thread" daemon [_thread_blocked, id=13160, stack(0x0000000016ed0000,0x0000000016fd0000)]
  0x00000000167e0000 JavaThread "C1 CompilerThread2" daemon [_thread_in_native, id=9456, stack(0x0000000016dd0000,0x0000000016ed0000)]
  0x00000000167db000 JavaThread "C2 CompilerThread1" daemon [_thread_in_native, id=6204, stack(0x0000000016cd0000,0x0000000016dd0000)]
=>0x00000000152cc800 JavaThread "C2 CompilerThread0" daemon [_thread_in_native, id=12228, stack(0x0000000016bd0000,0x0000000016cd0000)]
  0x00000000152ca800 JavaThread "Attach Listener" daemon [_thread_blocked, id=11532, stack(0x00000000166d0000,0x00000000167d0000)]
  0x000000001527f800 JavaThread "Signal Dispatcher" daemon [_thread_blocked, id=13240, stack(0x00000000165d0000,0x00000000166d0000)]
  0x0000000002b97000 JavaThread "Finalizer" daemon [_thread_blocked, id=11508, stack(0x00000000164d0000,0x00000000165d0000)]
  0x0000000002b8e000 JavaThread "Reference Handler" daemon [_thread_blocked, id=1540, stack(0x00000000163d0000,0x00000000164d0000)]
  0x0000000000e6e800 JavaThread "main" [_thread_blocked, id=12308, stack(0x00000000029a0000,0x0000000002aa0000)]

Other Threads:
  0x0000000015235800 VMThread [stack: 0x00000000162d0000,0x00000000163d0000] [id=12212]
  0x0000000016854800 WatcherThread [stack: 0x0000000016fd0000,0x00000000170d0000] [id=3092]

VM state:at safepoint (normal execution)

VM Mutex/Monitor currently owned by a thread:  ([mutex/lock_event])
[0x0000000000e6d420] Threads_lock - owner thread: 0x0000000015235800
[0x0000000000e6d1a0] Heap_lock - owner thread: 0x0000000016bb0000

Heap:
 PSYoungGen      total 145408K, used 136165K [0x00000000eab00000, 0x00000000fdd00000, 0x0000000100000000)
  eden space 128000K, 100% used [0x00000000eab00000,0x00000000f2800000,0x00000000f2800000)
  from space 17408K, 46% used [0x00000000f2800000,0x00000000f2ff9408,0x00000000f3900000)
  to   space 28672K, 0% used [0x00000000fc100000,0x00000000fc100000,0x00000000fdd00000)
 ParOldGen       total 44032K, used 43796K [0x00000000c0000000, 0x00000000c2b00000, 0x00000000eab00000)
  object space 44032K, 99% used [0x00000000c0000000,0x00000000c2ac5388,0x00000000c2b00000)
 Metaspace       used 6510K, capacity 7256K, committed 7424K, reserved 1056768K
  class space    used 617K, capacity 656K, committed 768K, reserved 1048576K

Card table byte_map: [0x0000000011f60000,0x0000000012170000] byte_map_base: 0x0000000011960000

Marking Bits: (ParMarkBitMap*) 0x000000006f55d490
 Begin Bits: [0x00000000126d0000, 0x00000000136d0000)
 End Bits:   [0x00000000136d0000, 0x00000000146d0000)

Polling page: 0x0000000000e70000

CodeCache: size=245760Kb used=10936Kb max_used=10936Kb free=234823Kb
 bounds [0x0000000002ba0000, 0x0000000003660000, 0x0000000011ba0000]
 total_blobs=2481 nmethods=2212 adapters=180
 compilation: enabled

Compilation events (10 events):
Event: 15.094 Thread 0x00000000152cc800 nmethod 2361 0x000000000364ced0 code [0x000000000364d0a0, 0x000000000364d880]
Event: 15.094 Thread 0x00000000152cc800 2363 %     4       com.android.dx.ssa.SsaMethod::convertRopToSsaBlocks @ 27 (103 bytes)
Event: 15.109 Thread 0x00000000167e0000 2369       3       java.util.HashMap$TreeNode::getTreeNode (22 bytes)
Event: 15.109 Thread 0x00000000167e0000 nmethod 2369 0x0000000003623510 code [0x00000000036236a0, 0x0000000003623a88]
Event: 17.384 Thread 0x00000000167e0000 2370       1       java.lang.ref.Reference::access$100 (4 bytes)
Event: 17.384 Thread 0x00000000167e0000 nmethod 2370 0x00000000035bd7d0 code [0x00000000035bd920, 0x00000000035bda10]
Event: 17.384 Thread 0x00000000167e0000 2371       1       java.lang.ref.Finalizer::access$000 (4 bytes)
Event: 17.384 Thread 0x00000000167e0000 nmethod 2371 0x00000000035daa50 code [0x00000000035daba0, 0x00000000035dac90]
Event: 17.390 Thread 0x00000000167e0000 2372       3       java.util.DualPivotQuicksort::sort (614 bytes)
Event: 17.392 Thread 0x00000000167e0000 nmethod 2372 0x0000000003656a90 code [0x0000000003656d40, 0x0000000003658178]

GC Heap History (10 events):
Event: 4.221 GC heap before
{Heap before GC invocations=4 (full 0):
 PSYoungGen      total 35328K, used 35312K [0x00000000eab00000, 0x00000000ef000000, 0x0000000100000000)
  eden space 32768K, 100% used [0x00000000eab00000,0x00000000ecb00000,0x00000000ecb00000)
  from space 2560K, 99% used [0x00000000ecb00000,0x00000000ecd7c2d0,0x00000000ecd80000)
  to   space 2560K, 0% used [0x00000000eed80000,0x00000000eed80000,0x00000000ef000000)
 ParOldGen       total 44032K, used 7470K [0x00000000c0000000, 0x00000000c2b00000, 0x00000000eab00000)
  object space 44032K, 16% used [0x00000000c0000000,0x00000000c074b9f0,0x00000000c2b00000)
 Metaspace       used 6217K, capacity 7088K, committed 7296K, reserved 1056768K
  class space    used 596K, capacity 616K, committed 640K, reserved 1048576K
Event: 4.285 GC heap after
Heap after GC invocations=4 (full 0):
 PSYoungGen      total 68096K, used 2544K [0x00000000eab00000, 0x00000000ef000000, 0x0000000100000000)
  eden space 65536K, 0% used [0x00000000eab00000,0x00000000eab00000,0x00000000eeb00000)
  from space 2560K, 99% used [0x00000000eed80000,0x00000000eeffc2d0,0x00000000ef000000)
  to   space 2560K, 0% used [0x00000000eeb00000,0x00000000eeb00000,0x00000000eed80000)
 ParOldGen       total 44032K, used 12070K [0x00000000c0000000, 0x00000000c2b00000, 0x00000000eab00000)
  object space 44032K, 27% used [0x00000000c0000000,0x00000000c0bc9b80,0x00000000c2b00000)
 Metaspace       used 6217K, capacity 7088K, committed 7296K, reserved 1056768K
  class space    used 596K, capacity 616K, committed 640K, reserved 1048576K
}
Event: 7.907 GC heap before
{Heap before GC invocations=5 (full 0):
 PSYoungGen      total 68096K, used 68080K [0x00000000eab00000, 0x00000000ef000000, 0x0000000100000000)
  eden space 65536K, 100% used [0x00000000eab00000,0x00000000eeb00000,0x00000000eeb00000)
  from space 2560K, 99% used [0x00000000eed80000,0x00000000eeffc2d0,0x00000000ef000000)
  to   space 2560K, 0% used [0x00000000eeb00000,0x00000000eeb00000,0x00000000eed80000)
 ParOldGen       total 44032K, used 12070K [0x00000000c0000000, 0x00000000c2b00000, 0x00000000eab00000)
  object space 44032K, 27% used [0x00000000c0000000,0x00000000c0bc9b80,0x00000000c2b00000)
 Metaspace       used 6294K, capacity 7152K, committed 7296K, reserved 1056768K
  class space    used 596K, capacity 616K, committed 640K, reserved 1048576K
Event: 8.177 GC heap after
Heap after GC invocations=5 (full 0):
 PSYoungGen      total 68096K, used 2553K [0x00000000eab00000, 0x00000000f4700000, 0x0000000100000000)
  eden space 65536K, 0% used [0x00000000eab00000,0x00000000eab00000,0x00000000eeb00000)
  from space 2560K, 99% used [0x00000000eeb00000,0x00000000eed7e7b8,0x00000000eed80000)
  to   space 14336K, 0% used [0x00000000f3900000,0x00000000f3900000,0x00000000f4700000)
 ParOldGen       total 44032K, used 22218K [0x00000000c0000000, 0x00000000c2b00000, 0x00000000eab00000)
  object space 44032K, 50% used [0x00000000c0000000,0x00000000c15b29a0,0x00000000c2b00000)
 Metaspace       used 6294K, capacity 7152K, committed 7296K, reserved 1056768K
  class space    used 596K, capacity 616K, committed 640K, reserved 1048576K
}
Event: 9.638 GC heap before
{Heap before GC invocations=6 (full 0):
 PSYoungGen      total 68096K, used 68089K [0x00000000eab00000, 0x00000000f4700000, 0x0000000100000000)
  eden space 65536K, 100% used [0x00000000eab00000,0x00000000eeb00000,0x00000000eeb00000)
  from space 2560K, 99% used [0x00000000eeb00000,0x00000000eed7e7b8,0x00000000eed80000)
  to   space 14336K, 0% used [0x00000000f3900000,0x00000000f3900000,0x00000000f4700000)
 ParOldGen       total 44032K, used 22218K [0x00000000c0000000, 0x00000000c2b00000, 0x00000000eab00000)
  object space 44032K, 50% used [0x00000000c0000000,0x00000000c15b29a0,0x00000000c2b00000)
 Metaspace       used 6371K, capacity 7216K, committed 7296K, reserved 1056768K
  class space    used 597K, capacity 616K, committed 640K, reserved 1048576K
Event: 9.754 GC heap after
Heap after GC invocations=6 (full 0):
 PSYoungGen      total 142336K, used 13702K [0x00000000eab00000, 0x00000000f4d00000, 0x0000000100000000)
  eden space 128000K, 0% used [0x00000000eab00000,0x00000000eab00000,0x00000000f2800000)
  from space 14336K, 95% used [0x00000000f3900000,0x00000000f4661b60,0x00000000f4700000)
  to   space 17408K, 0% used [0x00000000f2800000,0x00000000f2800000,0x00000000f3900000)
 ParOldGen       total 44032K, used 22218K [0x00000000c0000000, 0x00000000c2b00000, 0x00000000eab00000)
  object space 44032K, 50% used [0x00000000c0000000,0x00000000c15b29a0,0x00000000c2b00000)
 Metaspace       used 6371K, capacity 7216K, committed 7296K, reserved 1056768K
  class space    used 597K, capacity 616K, committed 640K, reserved 1048576K
}
Event: 15.113 GC heap before
{Heap before GC invocations=7 (full 0):
 PSYoungGen      total 142336K, used 141702K [0x00000000eab00000, 0x00000000f4d00000, 0x0000000100000000)
  eden space 128000K, 100% used [0x00000000eab00000,0x00000000f2800000,0x00000000f2800000)
  from space 14336K, 95% used [0x00000000f3900000,0x00000000f4661b60,0x00000000f4700000)
  to   space 17408K, 0% used [0x00000000f2800000,0x00000000f2800000,0x00000000f3900000)
 ParOldGen       total 44032K, used 22218K [0x00000000c0000000, 0x00000000c2b00000, 0x00000000eab00000)
  object space 44032K, 50% used [0x00000000c0000000,0x00000000c15b29a0,0x00000000c2b00000)
 Metaspace       used 6510K, capacity 7256K, committed 7424K, reserved 1056768K
  class space    used 617K, capacity 656K, committed 768K, reserved 1048576K
Event: 15.641 GC heap after
Heap after GC invocations=7 (full 0):
 PSYoungGen      total 145408K, used 17400K [0x00000000eab00000, 0x00000000fdd00000, 0x0000000100000000)
  eden space 128000K, 0% used [0x00000000eab00000,0x00000000eab00000,0x00000000f2800000)
  from space 17408K, 99% used [0x00000000f2800000,0x00000000f38fe288,0x00000000f3900000)
  to   space 28672K, 0% used [0x00000000fc100000,0x00000000fc100000,0x00000000fdd00000)
 ParOldGen       total 44032K, used 38216K [0x00000000c0000000, 0x00000000c2b00000, 0x00000000eab00000)
  object space 44032K, 86% used [0x00000000c0000000,0x00000000c25521a0,0x00000000c2b00000)
 Metaspace       used 6510K, capacity 7256K, committed 7424K, reserved 1056768K
  class space    used 617K, capacity 656K, committed 768K, reserved 1048576K
}
Event: 15.641 GC heap before
{Heap before GC invocations=8 (full 1):
 PSYoungGen      total 145408K, used 17400K [0x00000000eab00000, 0x00000000fdd00000, 0x0000000100000000)
  eden space 128000K, 0% used [0x00000000eab00000,0x00000000eab00000,0x00000000f2800000)
  from space 17408K, 99% used [0x00000000f2800000,0x00000000f38fe288,0x00000000f3900000)
  to   space 28672K, 0% used [0x00000000fc100000,0x00000000fc100000,0x00000000fdd00000)
 ParOldGen       total 44032K, used 38216K [0x00000000c0000000, 0x00000000c2b00000, 0x00000000eab00000)
  object space 44032K, 86% used [0x00000000c0000000,0x00000000c25521a0,0x00000000c2b00000)
 Metaspace       used 6510K, capacity 7256K, committed 7424K, reserved 1056768K
  class space    used 617K, capacity 656K, committed 768K, reserved 1048576K
Event: 17.382 GC heap after
Heap after GC invocations=8 (full 1):
 PSYoungGen      total 145408K, used 8165K [0x00000000eab00000, 0x00000000fdd00000, 0x0000000100000000)
  eden space 128000K, 0% used [0x00000000eab00000,0x00000000eab00000,0x00000000f2800000)
  from space 17408K, 46% used [0x00000000f2800000,0x00000000f2ff9408,0x00000000f3900000)
  to   space 28672K, 0% used [0x00000000fc100000,0x00000000fc100000,0x00000000fdd00000)
 ParOldGen       total 44032K, used 43796K [0x00000000c0000000, 0x00000000c2b00000, 0x00000000eab00000)
  object space 44032K, 99% used [0x00000000c0000000,0x00000000c2ac5388,0x00000000c2b00000)
 Metaspace       used 6510K, capacity 7256K, committed 7424K, reserved 1056768K
  class space    used 617K, capacity 656K, committed 768K, reserved 1048576K
}

Deoptimization events (10 events):
Event: 12.149 Thread 0x0000000016b06800 Uncommon trap: reason=unreached action=reinterpret pc=0x00000000032b7d58 method=java.util.HashMap.getNode(ILjava/lang/Object;)Ljava/util/HashMap$Node; @ 84
Event: 12.308 Thread 0x0000000016bb4000 Uncommon trap: reason=bimorphic action=maybe_recompile pc=0x0000000003518644 method=com.android.dx.cf.code.BytecodeArray.parseInstruction(ILcom/android/dx/cf/code/BytecodeArray$Visitor;)I @ 1161
Event: 12.308 Thread 0x0000000016bb4000 Uncommon trap: reason=bimorphic action=maybe_recompile pc=0x0000000003518644 method=com.android.dx.cf.code.BytecodeArray.parseInstruction(ILcom/android/dx/cf/code/BytecodeArray$Visitor;)I @ 1161
Event: 12.340 Thread 0x0000000016b06800 Uncommon trap: reason=unreached action=reinterpret pc=0x0000000002ed9ec4 method=java.util.HashMap.putVal(ILjava/lang/Object;Ljava/lang/Object;ZZ)Ljava/lang/Object; @ 109
Event: 12.422 Thread 0x0000000016bb4000 Uncommon trap: reason=unreached action=reinterpret pc=0x00000000030e888c method=com.android.dx.ssa.MoveParamCombiner$1.visitNonMoveInsn(Lcom/android/dx/ssa/NormalSsaInsn;)V @ 27
Event: 12.885 Thread 0x0000000016bb0000 Uncommon trap: reason=bimorphic action=maybe_recompile pc=0x0000000003526cb0 method=com.android.dx.ssa.LiteralOpUpgrader.tryReplacingWithConstant(Lcom/android/dx/ssa/NormalSsaInsn;)Z @ 62
Event: 12.906 Thread 0x0000000016bb4000 Uncommon trap: reason=class_check action=maybe_recompile pc=0x0000000003583f88 method=com.android.dx.cf.code.BytecodeArray.parseInstruction(ILcom/android/dx/cf/code/BytecodeArray$Visitor;)I @ 1612
Event: 13.076 Thread 0x0000000016bb0000 Uncommon trap: reason=bimorphic action=maybe_recompile pc=0x0000000003526cb0 method=com.android.dx.ssa.LiteralOpUpgrader.tryReplacingWithConstant(Lcom/android/dx/ssa/NormalSsaInsn;)Z @ 62
Event: 13.244 Thread 0x0000000016bb4000 Uncommon trap: reason=unreached action=reinterpret pc=0x000000000336bae8 method=com.android.dx.ssa.back.SsaToRop.convertBasicBlock(Lcom/android/dx/ssa/SsaBasicBlock;)Lcom/android/dx/rop/code/BasicBlock; @ 21
Event: 13.400 Thread 0x0000000000e6e800 Uncommon trap: reason=class_check action=maybe_recompile pc=0x0000000003583f88 method=com.android.dx.cf.code.BytecodeArray.parseInstruction(ILcom/android/dx/cf/code/BytecodeArray$Visitor;)I @ 1612

Internal exceptions (10 events):
Event: 2.037 Thread 0x0000000000e6e800 Implicit null exception at 0x0000000002ee23b7 to 0x0000000002ee438d
Event: 2.810 Thread 0x0000000016bb4000 Implicit null exception at 0x0000000002f910e2 to 0x0000000002f911e5
Event: 2.874 Thread 0x0000000016ad4800 Exception <a 'java/security/PrivilegedActionException'> (0x00000000ebe33700) thrown at [D:\re\workspace\8-2-build-windows-amd64-cygwin\jdk8u25\1677\hotspot\src\share\vm\prims\jvm.cpp, line 1312]
Event: 3.714 Thread 0x0000000000e6e800 Exception <a 'java/security/PrivilegedActionException'> (0x00000000eb6ee350) thrown at [D:\re\workspace\8-2-build-windows-amd64-cygwin\jdk8u25\1677\hotspot\src\share\vm\prims\jvm.cpp, line 1312]
Event: 8.304 Thread 0x0000000016bb0000 Exception <a 'java/security/PrivilegedActionException'> (0x00000000eab105e8) thrown at [D:\re\workspace\8-2-build-windows-amd64-cygwin\jdk8u25\1677\hotspot\src\share\vm\prims\jvm.cpp, line 1312]
Event: 8.312 Thread 0x0000000000e6e800 Exception <a 'java/security/PrivilegedActionException'> (0x00000000eabff428) thrown at [D:\re\workspace\8-2-build-windows-amd64-cygwin\jdk8u25\1677\hotspot\src\share\vm\prims\jvm.cpp, line 1312]
Event: 9.825 Thread 0x0000000016b06800 Implicit null exception at 0x00000000030af3da to 0x00000000030b06e5
Event: 10.774 Thread 0x0000000016ad4800 Exception <a 'java/lang/ArrayIndexOutOfBoundsException': 18> (0x00000000edbd15f0) thrown at [D:\re\workspace\8-2-build-windows-amd64-cygwin\jdk8u25\1677\hotspot\src\share\vm\interpreter\interpreterRuntime.cpp, line 366]
Event: 10.775 Thread 0x0000000016ad4800 Exception <a 'java/lang/ArrayIndexOutOfBoundsException': 145> (0x00000000edbd3088) thrown at [D:\re\workspace\8-2-build-windows-amd64-cygwin\jdk8u25\1677\hotspot\src\share\vm\interpreter\interpreterRuntime.cpp, line 366]
Event: 11.971 Thread 0x0000000016ad4800 Exception <a 'java/lang/ArrayIndexOutOfBoundsException'> (0x00000000edbd42a0) thrown at [D:\re\workspace\8-2-build-windows-amd64-cygwin\jdk8u25\1677\hotspot\src\share\vm\runtime\sharedRuntime.cpp, line 604]

Events (10 events):
Event: 13.244 Thread 0x0000000016bb4000 DEOPT UNPACKING pc=0x0000000002be556a sp=0x0000000017bceb10 mode 2
Event: 13.291 Thread 0x0000000000e6e800 DEOPT PACKING pc=0x00000000032e55e8 sp=0x0000000002a9ec70
Event: 13.291 Thread 0x0000000000e6e800 DEOPT UNPACKING pc=0x0000000002be75bf sp=0x0000000002a9e938 mode 0
Event: 13.400 Thread 0x0000000000e6e800 Uncommon trap: trap_request=0xffffffde fr.pc=0x0000000003583f88
Event: 13.401 Thread 0x0000000000e6e800 DEOPT PACKING pc=0x0000000003583f88 sp=0x0000000002a9e180
Event: 13.401 Thread 0x0000000000e6e800 DEOPT UNPACKING pc=0x0000000002be556a sp=0x0000000002a9e118 mode 2
Event: 13.722 Thread 0x0000000016bb4000 DEOPT PACKING pc=0x00000000030de7d3 sp=0x0000000017bcec10
Event: 13.722 Thread 0x0000000016bb4000 DEOPT UNPACKING pc=0x0000000002be75bf sp=0x0000000017bce9d8 mode 0
Event: 15.113 Executing VM operation: ParallelGCFailedAllocation
Event: 17.382 Executing VM operation: ParallelGCFailedAllocation done


Dynamic libraries:
0x00007ff72c570000 - 0x00007ff72c5a4000 	C:\Program Files\Java\jdk1.8.0_25\bin\java.exe
0x00007ffe6fd60000 - 0x00007ffe6ff0d000 	C:\windows\SYSTEM32\ntdll.dll
0x00007ffe6e030000 - 0x00007ffe6e16e000 	C:\windows\system32\KERNEL32.DLL
0x00007ffe6d270000 - 0x00007ffe6d385000 	C:\windows\system32\KERNELBASE.dll
0x00007ffe6ba50000 - 0x00007ffe6bade000 	C:\windows\system32\apphelp.dll
0x00007ffe3bbf0000 - 0x00007ffe3bc43000 	C:\windows\AppPatch\AppPatch64\AcGenral.DLL
0x00007ffe6fcb0000 - 0x00007ffe6fd5a000 	C:\windows\system32\msvcrt.dll
0x00007ffe6d060000 - 0x00007ffe6d08e000 	C:\windows\system32\SspiCli.dll
0x00007ffe6d700000 - 0x00007ffe6d754000 	C:\windows\system32\SHLWAPI.dll
0x00007ffe6db10000 - 0x00007ffe6dc87000 	C:\windows\system32\USER32.dll
0x00007ffe6e3f0000 - 0x00007ffe6e584000 	C:\windows\system32\ole32.dll
0x00007ffe6e770000 - 0x00007ffe6fc98000 	C:\windows\system32\SHELL32.dll
0x00007ffe6c450000 - 0x00007ffe6c471000 	C:\windows\SYSTEM32\USERENV.dll
0x00007ffe6dca0000 - 0x00007ffe6dd4a000 	C:\windows\system32\ADVAPI32.dll
0x00007ffe614a0000 - 0x00007ffe614be000 	C:\windows\SYSTEM32\MPR.dll
0x00007ffe6def0000 - 0x00007ffe6e030000 	C:\windows\system32\RPCRT4.dll
0x00007ffe6d9e0000 - 0x00007ffe6da39000 	C:\windows\SYSTEM32\sechost.dll
0x00007ffe6e170000 - 0x00007ffe6e381000 	C:\windows\SYSTEM32\combase.dll
0x00007ffe6d7c0000 - 0x00007ffe6d90f000 	C:\windows\system32\GDI32.dll
0x00007ffe6ce80000 - 0x00007ffe6ce95000 	C:\windows\SYSTEM32\profapi.dll
0x00007ffe6b6e0000 - 0x00007ffe6b792000 	C:\windows\SYSTEM32\SHCORE.dll
0x00007ffe6d760000 - 0x00007ffe6d796000 	C:\windows\system32\IMM32.DLL
0x00007ffe6d3e0000 - 0x00007ffe6d532000 	C:\windows\system32\MSCTF.dll
0x00007ffe6afa0000 - 0x00007ffe6b21b000 	C:\windows\WinSxS\amd64_microsoft.windows.common-controls_6595b64144ccf1df_6.0.9600.18006_none_623f33d3ecbe86e8\COMCTL32.dll
0x000000006e820000 - 0x000000006e8f2000 	C:\Program Files\Java\jdk1.8.0_25\jre\bin\msvcr100.dll
0x000000006ed80000 - 0x000000006f5da000 	C:\Program Files\Java\jdk1.8.0_25\jre\bin\server\jvm.dll
0x00007ffe643b0000 - 0x00007ffe643b9000 	C:\windows\SYSTEM32\WSOCK32.dll
0x00007ffe68850000 - 0x00007ffe68872000 	C:\windows\SYSTEM32\WINMM.dll
0x00007ffe6fca0000 - 0x00007ffe6fca7000 	C:\windows\system32\PSAPI.DLL
0x00007ffe6ddc0000 - 0x00007ffe6de1a000 	C:\windows\system32\WS2_32.dll
0x00007ffe683e0000 - 0x00007ffe6840a000 	C:\windows\SYSTEM32\WINMMBASE.dll
0x00007ffe6dee0000 - 0x00007ffe6dee9000 	C:\windows\system32\NSI.dll
0x00007ffe6d390000 - 0x00007ffe6d3df000 	C:\windows\SYSTEM32\cfgmgr32.dll
0x00007ffe6bcd0000 - 0x00007ffe6bcf8000 	C:\windows\SYSTEM32\DEVOBJ.dll
0x000000006f7c0000 - 0x000000006f7cf000 	C:\Program Files\Java\jdk1.8.0_25\jre\bin\verify.dll
0x000000006ed50000 - 0x000000006ed78000 	C:\Program Files\Java\jdk1.8.0_25\jre\bin\java.dll
0x000000006ed30000 - 0x000000006ed46000 	C:\Program Files\Java\jdk1.8.0_25\jre\bin\zip.dll
0x00007ffe67370000 - 0x00007ffe674f9000 	C:\windows\SYSTEM32\dbghelp.dll

VM Arguments:
jvm_args: -Djava.awt.headless=true -Xmx1024M -Dfile.encoding=GBK -Duser.country=CN -Duser.language=zh -Duser.variant 
java_command: com.android.dx.command.Main --dex --force-jumbo --num-threads=4 --multi-dex --output D:\code\Android\coolWeather\app\build\intermediates\transforms\dex\debug\folders\1000\10\com.android.support-support-v4-24.1.0_38cca4f0a1be9354c1cc1ad79b85bd62ce9a7d89 D:\code\Android\coolWeather\app\build\intermediates\exploded-aar\com.android.support\support-v4\24.1.0\jars\classes.jar
java_class_path (initial): D:\AndroidSDK\build-tools\24.0.1\lib\dx.jar
Launcher Type: SUN_STANDARD

Environment Variables:
JAVA_HOME=C:\Program Files\Java\jdk1.8.0_25
CLASSPATH=.;C:\Program Files\Java\jdk1.8.0_25\lib\tools.jar; C:\Program Files\Java\jdk1.8.0_25\lib\dt.jar;C:\Program Files\Java\jdk1.8.0_25\bin;D:\Applications\apache-jmeter-2.12\lib\ext\ApacheJMeter_core.jar;D:\Applications\apache-jmeter-2.12\lib\jorphan.jar;D:\Applications\apache-jmeter-2.12\lib\logkit-2.0.jar
PATH=D:\¹¤¾ß\apache-ant-1.8.2\bin;C:\ProgramData\Oracle\Java\javapath;C:\Program Files (x86)\Lenovo\FusionEngine;C:\Program Files (x86)\Intel\iCLS Client\;C:\Program Files\Intel\iCLS Client\;C:\windows\system32;C:\windows;C:\windows\System32\Wbem;C:\windows\System32\WindowsPowerShell\v1.0\;C:\Program Files\Intel\Intel(R) Management Engine Components\DAL;C:\Program Files\Intel\Intel(R) Management Engine Components\IPT;C:\Program Files (x86)\Intel\Intel(R) Management Engine Components\DAL;C:\Program Files (x86)\Intel\Intel(R) Management Engine Components\IPT;C:\Program Files (x86)\ATI Technologies\ATI.ACE\Core-Static;C:\Program Files\Lenovo\Bluetooth Software\;C:\Program Files\Lenovo\Bluetooth Software\syswow64;C:\Program Files (x86)\Common Files\lenovo\easyplussdk\bin;C:\Program Files (x86)\Lenovo\Lenovo Home\;C:\Program Files\Java\jdk1.8.0_25\bin;C:\Program Files (x86)\Windows Kits\8.1\Windows Performance Toolkit\;C:\Program Files\Microsoft SQL Server\110\Tools\Binn\;C:\Program Files\Microsoft SQL Server\110\DTS\Binn\;C:\Program Files (x86)\Microsoft SQL Server\110\Tools\Binn\;C:\Program Files (x86)\Microsoft SQL Server\110\Tools\Binn\ManagementStudio\;C:\Program Files (x86)\Microsoft Visual Studio 10.0\Common7\IDE\PrivateAssemblies\;C:\Program Files (x86)\Microsoft SQL Server\110\DTS\Binn\;C:\Program Files (x86)\Skype\Phone\;C:\Program Files (x86)\MySQL\MySQL Utilities 1.3.6\
USERNAME=hui
OS=Windows_NT
PROCESSOR_IDENTIFIER=Intel64 Family 6 Model 60 Stepping 3, GenuineIntel



---------------  S Y S T E M  ---------------

OS: Windows 8.1 , 64 bit Build 9600 

CPU:total 4 (2 cores per cpu, 2 threads per core) family 6 model 60 stepping 3, cmov, cx8, fxsr, mmx, sse, sse2, sse3, ssse3, sse4.1, sse4.2, popcnt, avx, avx2, clmul, erms, lzcnt, ht, tsc, tscinvbit, bmi1, bmi2

Memory: 4k page, physical 4104472k(486964k free), swap 8298776k(11280k free)

vm_info: Java HotSpot(TM) 64-Bit Server VM (25.25-b02) for windows-amd64 JRE (1.8.0_25-b18), built on Oct  7 2014 14:25:37 by "java_re" with MS VC++ 10.0 (VS2010)

time: Sun Oct 23 17:57:54 2016
elapsed time: 27 seconds (0d 0h 0m 27s)

